<?xml version="1.0" encoding="UTF-8"?>
<testsuite name="User Service Tests" tests="30" skipped="0" failures="0" errors="0" timestamp="2025-12-24T06:24:26.168Z" hostname="MacBook-Pro-Anastasia-6.local" time="2.031">
  <properties/>
  <testcase name="Should fail getting user with zero ID" classname="ru.itmo.userservice.service.UserServiceTest" time="0.232"/>
  <testcase name="Should fail update profile for non-existent user" classname="ru.itmo.userservice.service.UserServiceTest" time="0.08"/>
  <testcase name="Should add role to user" classname="ru.itmo.userservice.service.UserServiceTest" time="0.355"/>
  <testcase name="Should fail registration with empty email" classname="ru.itmo.userservice.service.UserServiceTest" time="0.039"/>
  <testcase name="Should fail add role to non-existent user" classname="ru.itmo.userservice.service.UserServiceTest" time="0.027"/>
  <testcase name="Should get current user successfully" classname="ru.itmo.userservice.service.UserServiceTest" time="0.076"/>
  <testcase name="Should fail getting current user with invalid ID" classname="ru.itmo.userservice.service.UserServiceTest" time="0.014"/>
  <testcase name="Should fail hasRole with invalid user ID" classname="ru.itmo.userservice.service.UserServiceTest" time="0.013"/>
  <testcase name="Should fail getting user by non-existent username" classname="ru.itmo.userservice.service.UserServiceTest" time="0.031"/>
  <testcase name="Should register user successfully" classname="ru.itmo.userservice.service.UserServiceTest" time="0.039"/>
  <testcase name="Should fail registration with duplicate username" classname="ru.itmo.userservice.service.UserServiceTest" time="0.047"/>
  <testcase name="Should fail getting non-existent current user" classname="ru.itmo.userservice.service.UserServiceTest" time="0.02"/>
  <testcase name="Should update profile with partial data" classname="ru.itmo.userservice.service.UserServiceTest" time="0.06"/>
  <testcase name="Should fail getting non-existent user" classname="ru.itmo.userservice.service.UserServiceTest" time="0.027"/>
  <testcase name="Should update user profile" classname="ru.itmo.userservice.service.UserServiceTest" time="0.125"/>
  <testcase name="Should fail registration with duplicate email" classname="ru.itmo.userservice.service.UserServiceTest" time="0.057"/>
  <testcase name="Should return false when user does not have role" classname="ru.itmo.userservice.service.UserServiceTest" time="0.071"/>
  <testcase name="Should check user has role" classname="ru.itmo.userservice.service.UserServiceTest" time="0.064"/>
  <testcase name="Should fail update profile with invalid user ID" classname="ru.itmo.userservice.service.UserServiceTest" time="0.021"/>
  <testcase name="Should fail update profile with duplicate email" classname="ru.itmo.userservice.service.UserServiceTest" time="0.099"/>
  <testcase name="Should get user by username" classname="ru.itmo.userservice.service.UserServiceTest" time="0.074"/>
  <testcase name="Should fail registration with short password" classname="ru.itmo.userservice.service.UserServiceTest" time="0.037"/>
  <testcase name="Should delete user" classname="ru.itmo.userservice.service.UserServiceTest" time="0.064"/>
  <testcase name="Should fail getting user by empty username" classname="ru.itmo.userservice.service.UserServiceTest" time="0.013"/>
  <testcase name="Should get user by ID" classname="ru.itmo.userservice.service.UserServiceTest" time="0.043"/>
  <testcase name="Should fail registration with empty username" classname="ru.itmo.userservice.service.UserServiceTest" time="0.041"/>
  <testcase name="Should fail delete non-existent user" classname="ru.itmo.userservice.service.UserServiceTest" time="0.069"/>
  <testcase name="Should fail getting user with invalid ID" classname="ru.itmo.userservice.service.UserServiceTest" time="0.026"/>
  <testcase name="Should fail add role with invalid user ID" classname="ru.itmo.userservice.service.UserServiceTest" time="0.037"/>
  <testcase name="Should fail delete user with invalid ID" classname="ru.itmo.userservice.service.UserServiceTest" time="0.055"/>
  <system-out><![CDATA[
  .   ____          _            __ _ _
 /\\ / ___'_ __ _ _(_)_ __  __ _ \ \ \ \
( ( )\___ | '_ | '_| | '_ \/ _` | \ \ \ \
 \\/  ___)| |_)| | | | | || (_| |  ) ) ) )
  '  |____| .__|_| |_|_| |_\__, | / / / /
 =========|_|==============|___/=/_/_/_/

 :: Spring Boot ::                (v3.5.7)

2025-12-24T09:24:24.767+03:00  INFO 96902 --- [user-service] [    Test worker] r.i.userservice.service.UserServiceTest  : The following 1 profile is active: "test"
2025-12-24T09:24:26.113+03:00  WARN 96902 --- [user-service] [    Test worker] iguration$LoadBalancerCaffeineWarnLogger : Spring Cloud LoadBalancer is currently working with the default cache. While this cache implementation is useful for development and tests, it's recommended to use Caffeine cache in production.You can switch to using Caffeine cache, by adding it and org.springframework.cache.caffeine.CaffeineCacheManager to the classpath.
2025-12-24T09:24:26.151+03:00  INFO 96902 --- [user-service] [    Test worker] r.i.userservice.service.UserServiceTest  : Started UserServiceTest in 1.77 seconds (process running for 51.072)
2025-12-24T09:24:26.154+03:00  WARN 96902 --- [user-service] [    Test worker] o.s.core.events.SpringDocAppInitializer  : SpringDoc /v3/api-docs endpoint is enabled by default. To disable it in production, set the property 'springdoc.api-docs.enabled=false'
2025-12-24T09:24:26.154+03:00  WARN 96902 --- [user-service] [    Test worker] o.s.core.events.SpringDocAppInitializer  : SpringDoc /swagger-ui.html endpoint is enabled by default. To disable it in production, set the property 'springdoc.swagger-ui.enabled=false'
]]></system-out>
  <system-err><![CDATA[]]></system-err>
</testsuite>
