<!DOCTYPE html>
<html>
  <head>
    <meta charset="utf-8"/>
    <title id="head-title">report.html</title>
      <style type="text/css">body {
  font-family: Helvetica, Arial, sans-serif;
  font-size: 12px;
  /* do not increase min-width as some may use split screens */
  min-width: 800px;
  color: #999;
}

h1 {
  font-size: 24px;
  color: black;
}

h2 {
  font-size: 16px;
  color: black;
}

p {
  color: black;
}

a {
  color: #999;
}

table {
  border-collapse: collapse;
}

/******************************
 * SUMMARY INFORMATION
 ******************************/
#environment td {
  padding: 5px;
  border: 1px solid #e6e6e6;
  vertical-align: top;
}
#environment tr:nth-child(odd) {
  background-color: #f6f6f6;
}
#environment ul {
  margin: 0;
  padding: 0 20px;
}

/******************************
 * TEST RESULT COLORS
 ******************************/
span.passed,
.passed .col-result {
  color: green;
}

span.skipped,
span.xfailed,
span.rerun,
.skipped .col-result,
.xfailed .col-result,
.rerun .col-result {
  color: orange;
}

span.error,
span.failed,
span.xpassed,
.error .col-result,
.failed .col-result,
.xpassed .col-result {
  color: red;
}

.col-links__extra {
  margin-right: 3px;
}

/******************************
 * RESULTS TABLE
 *
 * 1. Table Layout
 * 2. Extra
 * 3. Sorting items
 *
 ******************************/
/*------------------
 * 1. Table Layout
 *------------------*/
#results-table {
  border: 1px solid #e6e6e6;
  color: #999;
  font-size: 12px;
  width: 100%;
}
#results-table th,
#results-table td {
  padding: 5px;
  border: 1px solid #e6e6e6;
  text-align: left;
}
#results-table th {
  font-weight: bold;
}

/*------------------
 * 2. Extra
 *------------------*/
.logwrapper {
  max-height: 230px;
  overflow-y: scroll;
  background-color: #e6e6e6;
}
.logwrapper.expanded {
  max-height: none;
}
.logwrapper.expanded .logexpander:after {
  content: "collapse [-]";
}
.logwrapper .logexpander {
  z-index: 1;
  position: sticky;
  top: 10px;
  width: max-content;
  border: 1px solid;
  border-radius: 3px;
  padding: 5px 7px;
  margin: 10px 0 10px calc(100% - 80px);
  cursor: pointer;
  background-color: #e6e6e6;
}
.logwrapper .logexpander:after {
  content: "expand [+]";
}
.logwrapper .logexpander:hover {
  color: #000;
  border-color: #000;
}
.logwrapper .log {
  min-height: 40px;
  position: relative;
  top: -50px;
  height: calc(100% + 50px);
  border: 1px solid #e6e6e6;
  color: black;
  display: block;
  font-family: "Courier New", Courier, monospace;
  padding: 5px;
  padding-right: 80px;
  white-space: pre-wrap;
}

div.media {
  border: 1px solid #e6e6e6;
  float: right;
  height: 240px;
  margin: 0 5px;
  overflow: hidden;
  width: 320px;
}

.media-container {
  display: grid;
  grid-template-columns: 25px auto 25px;
  align-items: center;
  flex: 1 1;
  overflow: hidden;
  height: 200px;
}

.media-container--fullscreen {
  grid-template-columns: 0px auto 0px;
}

.media-container__nav--right,
.media-container__nav--left {
  text-align: center;
  cursor: pointer;
}

.media-container__viewport {
  cursor: pointer;
  text-align: center;
  height: inherit;
}
.media-container__viewport img,
.media-container__viewport video {
  object-fit: cover;
  width: 100%;
  max-height: 100%;
}

.media__name,
.media__counter {
  display: flex;
  flex-direction: row;
  justify-content: space-around;
  flex: 0 0 25px;
  align-items: center;
}

.collapsible td:not(.col-links) {
  cursor: pointer;
}
.collapsible td:not(.col-links):hover::after {
  color: #bbb;
  font-style: italic;
  cursor: pointer;
}

.col-result {
  width: 130px;
}
.col-result:hover::after {
  content: " (hide details)";
}

.col-result.collapsed:hover::after {
  content: " (show details)";
}

#environment-header h2:hover::after {
  content: " (hide details)";
  color: #bbb;
  font-style: italic;
  cursor: pointer;
  font-size: 12px;
}

#environment-header.collapsed h2:hover::after {
  content: " (show details)";
  color: #bbb;
  font-style: italic;
  cursor: pointer;
  font-size: 12px;
}

/*------------------
 * 3. Sorting items
 *------------------*/
.sortable {
  cursor: pointer;
}
.sortable.desc:after {
  content: " ";
  position: relative;
  left: 5px;
  bottom: -12.5px;
  border: 10px solid #4caf50;
  border-bottom: 0;
  border-left-color: transparent;
  border-right-color: transparent;
}
.sortable.asc:after {
  content: " ";
  position: relative;
  left: 5px;
  bottom: 12.5px;
  border: 10px solid #4caf50;
  border-top: 0;
  border-left-color: transparent;
  border-right-color: transparent;
}

.hidden, .summary__reload__button.hidden {
  display: none;
}

.summary__data {
  flex: 0 0 550px;
}
.summary__reload {
  flex: 1 1;
  display: flex;
  justify-content: center;
}
.summary__reload__button {
  flex: 0 0 300px;
  display: flex;
  color: white;
  font-weight: bold;
  background-color: #4caf50;
  text-align: center;
  justify-content: center;
  align-items: center;
  border-radius: 3px;
  cursor: pointer;
}
.summary__reload__button:hover {
  background-color: #46a049;
}
.summary__spacer {
  flex: 0 0 550px;
}

.controls {
  display: flex;
  justify-content: space-between;
}

.filters,
.collapse {
  display: flex;
  align-items: center;
}
.filters button,
.collapse button {
  color: #999;
  border: none;
  background: none;
  cursor: pointer;
  text-decoration: underline;
}
.filters button:hover,
.collapse button:hover {
  color: #ccc;
}

.filter__label {
  margin-right: 10px;
}

      </style>
    
  </head>
  <body>
    <h1 id="title">report.html</h1>
    <p>Report generated on 24-Dec-2025 at 00:12:32 by <a href="https://pypi.python.org/pypi/pytest-html">pytest-html</a>
        v4.1.1</p>
    <div id="environment-header">
      <h2>Environment</h2>
    </div>
    <table id="environment"></table>
    <!-- TEMPLATES -->
      <template id="template_environment_row">
      <tr>
        <td></td>
        <td></td>
      </tr>
    </template>
    <template id="template_results-table__body--empty">
      <tbody class="results-table-row">
        <tr id="not-found-message">
          <td colspan="4">No results found. Check the filters.</th>
        </tr>
    </template>
    <template id="template_results-table__tbody">
      <tbody class="results-table-row">
        <tr class="collapsible">
        </tr>
        <tr class="extras-row">
          <td class="extra" colspan="4">
            <div class="extraHTML"></div>
            <div class="media">
              <div class="media-container">
                  <div class="media-container__nav--left"><</div>
                  <div class="media-container__viewport">
                    <img src="" />
                    <video controls>
                      <source src="" type="video/mp4">
                    </video>
                  </div>
                  <div class="media-container__nav--right">></div>
                </div>
                <div class="media__name"></div>
                <div class="media__counter"></div>
            </div>
            <div class="logwrapper">
              <div class="logexpander"></div>
              <div class="log"></div>
            </div>
          </td>
        </tr>
      </tbody>
    </template>
    <!-- END TEMPLATES -->
    <div class="summary">
      <div class="summary__data">
        <h2>Summary</h2>
        <div class="additional-summary prefix">
        </div>
        <p class="run-count">0 test took 00:03:32.</p>
        <p class="filter">(Un)check the boxes to filter the results.</p>
        <div class="summary__reload">
          <div class="summary__reload__button hidden" onclick="location.reload()">
            <div>There are still tests running. <br />Reload this page to get the latest results!</div>
          </div>
        </div>
        <div class="summary__spacer"></div>
        <div class="controls">
          <div class="filters">
            <input checked="true" class="filter" name="filter_checkbox" type="checkbox" data-test-result="failed" disabled/>
            <span class="failed">0 Failed,</span>
            <input checked="true" class="filter" name="filter_checkbox" type="checkbox" data-test-result="passed" disabled/>
            <span class="passed">0 Passed,</span>
            <input checked="true" class="filter" name="filter_checkbox" type="checkbox" data-test-result="skipped" disabled/>
            <span class="skipped">0 Skipped,</span>
            <input checked="true" class="filter" name="filter_checkbox" type="checkbox" data-test-result="xfailed" disabled/>
            <span class="xfailed">0 Expected failures,</span>
            <input checked="true" class="filter" name="filter_checkbox" type="checkbox" data-test-result="xpassed" disabled/>
            <span class="xpassed">0 Unexpected passes,</span>
            <input checked="true" class="filter" name="filter_checkbox" type="checkbox" data-test-result="error" />
            <span class="error">35 Errors,</span>
            <input checked="true" class="filter" name="filter_checkbox" type="checkbox" data-test-result="rerun" disabled/>
            <span class="rerun">0 Reruns</span>
          </div>
          <div class="collapse">
            <button id="show_all_details">Show all details</button>&nbsp;/&nbsp;<button id="hide_all_details">Hide all details</button>
          </div>
        </div>
      </div>
      <div class="additional-summary summary">
      </div>
      <div class="additional-summary postfix">
      </div>
    </div>
    <table id="results-table">
      <thead id="results-table-head">
        <tr>
          <th class="sortable" data-column-type="result">Result</th>
          <th class="sortable" data-column-type="testId">Test</th>
          <th class="sortable" data-column-type="duration">Duration</th>
          <th>Links</th>
        </tr>
      </thead>
    </table>
  </body>
  <footer>
    <div id="data-container" data-jsonblob="{&#34;environment&#34;: {&#34;Python&#34;: &#34;3.13.5&#34;, &#34;Platform&#34;: &#34;macOS-15.0-arm64-arm-64bit-Mach-O&#34;, &#34;Packages&#34;: {&#34;pytest&#34;: &#34;8.3.3&#34;, &#34;pluggy&#34;: &#34;1.6.0&#34;}, &#34;Plugins&#34;: {&#34;html&#34;: &#34;4.1.1&#34;, &#34;metadata&#34;: &#34;3.1.1&#34;, &#34;xdist&#34;: &#34;3.6.1&#34;}}, &#34;tests&#34;: {&#34;tests/test_e2e_happy_path.py::test_full_shopping_flow&#34;: [{&#34;extras&#34;: [], &#34;result&#34;: &#34;Error&#34;, &#34;testId&#34;: &#34;tests/test_e2e_happy_path.py::test_full_shopping_flow::setup&#34;, &#34;duration&#34;: &#34;00:03:32&#34;, &#34;resultsTableRow&#34;: [&#34;&lt;td class=\&#34;col-result\&#34;&gt;Error&lt;/td&gt;&#34;, &#34;&lt;td class=\&#34;col-testId\&#34;&gt;tests/test_e2e_happy_path.py::test_full_shopping_flow::setup&lt;/td&gt;&#34;, &#34;&lt;td class=\&#34;col-duration\&#34;&gt;00:03:32&lt;/td&gt;&#34;, &#34;&lt;td class=\&#34;col-links\&#34;&gt;&lt;/td&gt;&#34;], &#34;log&#34;: &#34;conftest.py:30: in docker_compose\n    subprocess.run(\n/opt/homebrew/Cellar/python@3.13/3.13.5/Frameworks/Python.framework/Versions/3.13/lib/python3.13/subprocess.py:577: in run\n    raise CalledProcessError(retcode, process.args,\nE   subprocess.CalledProcessError: Command &amp;#x27;[&amp;#x27;docker-compose&amp;#x27;, &amp;#x27;-f&amp;#x27;, &amp;#x27;docker-compose.yml&amp;#x27;, &amp;#x27;up&amp;#x27;, &amp;#x27;-d&amp;#x27;, &amp;#x27;--build&amp;#x27;]&amp;#x27; returned non-zero exit status 1.\n\n---------------------------- Captured stdout setup -----------------------------\nCompose can now delegate builds to bake for better performance.\n To do so, set COMPOSE_BAKE=true.\n#0 building with &amp;quot;desktop-linux&amp;quot; instance using docker driver\n\n#1 [config-server internal] load build definition from Dockerfile\n#1 transferring dockerfile: 492B done\n#1 DONE 0.0s\n\n#2 [config-server internal] load metadata for docker.io/library/gradle:8.5-jdk17\n#2 ...\n\n#3 [config-server internal] load metadata for docker.io/library/eclipse-temurin:17-jre\n#3 DONE 1.2s\n\n#2 [config-server internal] load metadata for docker.io/library/gradle:8.5-jdk17\n#2 DONE 1.4s\n\n#4 [config-server internal] load .dockerignore\n#4 transferring context: 2B done\n#4 DONE 0.0s\n\n#5 [config-server stage-1 1/3] FROM docker.io/library/eclipse-temurin:17-jre@sha256:fc0c46c43f873754d8651948b94da946449aee0c0262420a86c4d18e84bc3c49\n#5 resolve docker.io/library/eclipse-temurin:17-jre@sha256:fc0c46c43f873754d8651948b94da946449aee0c0262420a86c4d18e84bc3c49 0.0s done\n#5 DONE 0.0s\n\n#6 [config-server builder 1/5] FROM docker.io/library/gradle:8.5-jdk17@sha256:7704366590930c03de7e514008ba3d7b7031b92591bd5a74fae79c16f3a17726\n#6 resolve docker.io/library/gradle:8.5-jdk17@sha256:7704366590930c03de7e514008ba3d7b7031b92591bd5a74fae79c16f3a17726 0.0s done\n#6 DONE 0.0s\n\n#7 [config-server internal] load build context\n#7 transferring context: 460B done\n#7 DONE 0.0s\n\n#8 [config-server builder 2/5] WORKDIR /app\n#8 CACHED\n\n#9 [config-server builder 4/5] COPY src src\n#9 CACHED\n\n#10 [config-server builder 3/5] COPY build.gradle.kts settings.gradle.kts ./\n#10 CACHED\n\n#11 [config-server stage-1 2/3] WORKDIR /app\n#11 CACHED\n\n#12 [config-server builder 5/5] RUN gradle build -x test --no-daemon\n#12 CACHED\n\n#13 [config-server stage-1 3/3] COPY --from=builder /app/build/libs/*.jar app.jar\n#13 CACHED\n\n#14 [config-server] exporting to image\n#14 exporting layers done\n#14 exporting manifest sha256:146c884794300ab1fbc077ce1f1748b67d17266bb91c0405b6794c10118217b4 done\n#14 exporting config sha256:7df73ca49d8eb9605f6789f26e74d3752a2f027fcef8565527c155e33ad3de84 done\n#14 naming to docker.io/library/tests-e2e-config-server:latest done\n#14 unpacking to docker.io/library/tests-e2e-config-server:latest done\n#14 DONE 0.0s\n\n#15 [config-server] resolving provenance for metadata file\n#15 DONE 0.0s\n\n#16 [eureka-server internal] load build definition from Dockerfile\n#16 transferring dockerfile: 476B done\n#16 DONE 0.0s\n\n#2 [eureka-server internal] load metadata for docker.io/library/gradle:8.5-jdk17\n#2 ...\n\n#3 [eureka-server internal] load metadata for docker.io/library/eclipse-temurin:17-jre\n#3 DONE 1.5s\n\n#2 [eureka-server internal] load metadata for docker.io/library/gradle:8.5-jdk17\n#2 DONE 1.7s\n\n#17 [eureka-server internal] load .dockerignore\n#17 transferring context: 2B done\n#17 DONE 0.0s\n\n#6 [eureka-server builder 1/5] FROM docker.io/library/gradle:8.5-jdk17@sha256:7704366590930c03de7e514008ba3d7b7031b92591bd5a74fae79c16f3a17726\n#6 resolve docker.io/library/gradle:8.5-jdk17@sha256:7704366590930c03de7e514008ba3d7b7031b92591bd5a74fae79c16f3a17726 0.0s done\n#6 DONE 0.0s\n\n#5 [eureka-server stage-1 1/3] FROM docker.io/library/eclipse-temurin:17-jre@sha256:fc0c46c43f873754d8651948b94da946449aee0c0262420a86c4d18e84bc3c49\n#5 resolve docker.io/library/eclipse-temurin:17-jre@sha256:fc0c46c43f873754d8651948b94da946449aee0c0262420a86c4d18e84bc3c49 0.0s done\n#5 DONE 0.0s\n\n#18 [eureka-server internal] load build context\n#18 transferring context: 458B done\n#18 DONE 0.0s\n\n#19 [eureka-server builder 4/5] COPY src src\n#19 CACHED\n\n#20 [eureka-server builder 3/5] COPY build.gradle.kts settings.gradle.kts ./\n#20 CACHED\n\n#21 [eureka-server builder 5/5] RUN gradle build -x test --no-daemon\n#21 CACHED\n\n#11 [eureka-server stage-1 2/3] WORKDIR /app\n#11 CACHED\n\n#8 [eureka-server builder 2/5] WORKDIR /app\n#8 CACHED\n\n#22 [eureka-server stage-1 3/3] COPY --from=builder /app/build/libs/*.jar app.jar\n#22 CACHED\n\n#23 [eureka-server] exporting to image\n#23 exporting layers done\n#23 exporting manifest sha256:e5f9cf1d792a50bfed9da9f7f0b99065cb52407940ed8bb8bf19dd76d4b0a28f done\n#23 exporting config sha256:d5b8ae3ce0b6a340263c2e76f2b9b78eff4e65d5cc52de87a26bf5de7dbbc620 done\n#23 naming to docker.io/library/tests-e2e-eureka-server:latest done\n#23 unpacking to docker.io/library/tests-e2e-eureka-server:latest 0.0s done\n#23 DONE 0.0s\n\n#24 [eureka-server] resolving provenance for metadata file\n#24 DONE 0.0s\n\n#25 [gateway-service internal] load build definition from Dockerfile\n#25 transferring dockerfile: 476B done\n#25 DONE 0.0s\n\n#3 [gateway-service internal] load metadata for docker.io/library/eclipse-temurin:17-jre\n#3 DONE 1.8s\n\n#2 [gateway-service internal] load metadata for docker.io/library/gradle:8.5-jdk17\n#2 DONE 2.0s\n\n#26 [gateway-service internal] load .dockerignore\n#26 transferring context: 2B done\n#26 DONE 0.0s\n\n#5 [gateway-service stage-1 1/3] FROM docker.io/library/eclipse-temurin:17-jre@sha256:fc0c46c43f873754d8651948b94da946449aee0c0262420a86c4d18e84bc3c49\n#5 resolve docker.io/library/eclipse-temurin:17-jre@sha256:fc0c46c43f873754d8651948b94da946449aee0c0262420a86c4d18e84bc3c49 done\n#5 DONE 0.0s\n\n#6 [gateway-service builder 1/5] FROM docker.io/library/gradle:8.5-jdk17@sha256:7704366590930c03de7e514008ba3d7b7031b92591bd5a74fae79c16f3a17726\n#6 resolve docker.io/library/gradle:8.5-jdk17@sha256:7704366590930c03de7e514008ba3d7b7031b92591bd5a74fae79c16f3a17726 done\n#6 DONE 0.0s\n\n#27 [gateway-service internal] load build context\n#27 transferring context: 1.27kB done\n#27 DONE 0.0s\n\n#8 [gateway-service builder 2/5] WORKDIR /app\n#8 CACHED\n\n#28 [gateway-service builder 4/5] COPY src src\n#28 CACHED\n\n#29 [gateway-service builder 5/5] RUN gradle build -x test --no-daemon\n#29 CACHED\n\n#11 [gateway-service stage-1 2/3] WORKDIR /app\n#11 CACHED\n\n#30 [gateway-service builder 3/5] COPY build.gradle.kts settings.gradle.kts ./\n#30 CACHED\n\n#31 [gateway-service stage-1 3/3] COPY --from=builder /app/build/libs/*.jar app.jar\n#31 CACHED\n\n#32 [gateway-service] exporting to image\n#32 exporting layers done\n#32 exporting manifest sha256:70fbdf84d4ddf2886deafabe7c75ab98e98aca7ddd92b63af39fa48db711044f done\n#32 exporting config sha256:5fe5878349ed279843fa9a513a630c535e57be70d5c61f2a3c8e2e4cfc0d02f8 done\n#32 naming to docker.io/library/tests-e2e-gateway-service:latest done\n#32 unpacking to docker.io/library/tests-e2e-gateway-service:latest done\n#32 DONE 0.0s\n\n#33 [gateway-service] resolving provenance for metadata file\n#33 DONE 0.0s\n\n#34 [user-service internal] load build definition from Dockerfile\n#34 transferring dockerfile: 791B done\n#34 DONE 0.0s\n\n#3 [user-service internal] load metadata for docker.io/library/eclipse-temurin:17-jre\n#3 DONE 2.1s\n\n#2 [user-service internal] load metadata for docker.io/library/gradle:8.5-jdk17\n#2 DONE 2.2s\n\n#35 [user-service internal] load .dockerignore\n#35 transferring context: 2B done\n#35 DONE 0.0s\n\n#5 [user-service stage-1 1/4] FROM docker.io/library/eclipse-temurin:17-jre@sha256:fc0c46c43f873754d8651948b94da946449aee0c0262420a86c4d18e84bc3c49\n#5 resolve docker.io/library/eclipse-temurin:17-jre@sha256:fc0c46c43f873754d8651948b94da946449aee0c0262420a86c4d18e84bc3c49 0.0s done\n#5 DONE 0.1s\n\n#6 [user-service builder 1/5] FROM docker.io/library/gradle:8.5-jdk17@sha256:7704366590930c03de7e514008ba3d7b7031b92591bd5a74fae79c16f3a17726\n#6 resolve docker.io/library/gradle:8.5-jdk17@sha256:7704366590930c03de7e514008ba3d7b7031b92591bd5a74fae79c16f3a17726 0.0s done\n#6 DONE 0.1s\n\n#36 [user-service internal] load build context\n#36 transferring context: 14.03kB done\n#36 DONE 0.0s\n\n#8 [user-service builder 2/5] WORKDIR /app\n#8 CACHED\n\n#37 [user-service builder 3/5] COPY build.gradle.kts settings.gradle.kts ./\n#37 CACHED\n\n#38 [user-service builder 4/5] COPY src src\n#38 DONE 0.0s\n\n#39 [user-service builder 5/5] RUN gradle build -x test --no-daemon\n#39 0.977 \n#39 0.977 Welcome to Gradle 8.5!\n#39 0.977 \n#39 0.977 Here are the highlights of this release:\n#39 0.977  - Support for running on Java 21\n#39 0.977  - Faster first use with Kotlin DSL\n#39 0.978  - Improved error and warning messages\n#39 0.978 \n#39 0.978 For more details see https://docs.gradle.org/8.5/release-notes.html\n#39 0.978 \n#39 1.076 To honour the JVM settings for this build a single-use Daemon process will be forked. For more on this, please refer to https://docs.gradle.org/8.5/userguide/gradle_daemon.html#sec:disabling_the_daemon in the Gradle documentation.\n#39 1.975 Daemon will be stopped at the end of the build \n#39 58.59 &amp;gt; Task :checkKotlinGradlePluginConfigurationErrors\n#39 88.59 &amp;gt; Task :compileKotlin\n#39 96.58 &amp;gt; Task :processResources\n#39 96.58 &amp;gt; Task :check\n#39 102.0 &amp;gt; Task :compileJava NO-SOURCE\n#39 102.0 &amp;gt; Task :classes\n#39 102.0 &amp;gt; Task :resolveMainClassName\n#39 103.9 &amp;gt; Task :bootJar\n#39 103.9 &amp;gt; Task :jar\n#39 103.9 &amp;gt; Task :assemble\n#39 103.9 &amp;gt; Task :build\n#39 103.9 \n#39 103.9 BUILD SUCCESSFUL in 1m 43s\n#39 103.9 6 actionable tasks: 6 executed\n#39 DONE 104.5s\n\n#11 [user-service stage-1 2/4] WORKDIR /app\n#11 CACHED\n\n#40 [user-service stage-1 3/4] COPY --from=builder /app/build/libs/*.jar app.jar\n#40 DONE 0.2s\n\n#41 [user-service stage-1 4/4] RUN groupadd -r appuser &amp;amp;&amp;amp; useradd -r -g appuser appuser\n#41 DONE 0.2s\n\n#42 [user-service] exporting to image\n#42 exporting layers\n#42 exporting layers 1.5s done\n#42 exporting manifest sha256:550a7896f0634fe59d478a6ebcb7e7468ab474da31ba8fd4deba997900321fcf\n#42 exporting manifest sha256:550a7896f0634fe59d478a6ebcb7e7468ab474da31ba8fd4deba997900321fcf done\n#42 exporting config sha256:d5f4cfa0a153c3d0cb3cc1be7286462f708cd44d6f1c3df0d47e1f20ab4f18f8 done\n#42 naming to docker.io/library/tests-e2e-user-service:latest done\n#42 unpacking to docker.io/library/tests-e2e-user-service:latest\n#42 unpacking to docker.io/library/tests-e2e-user-service:latest 0.3s done\n#42 DONE 1.8s\n\n#43 [user-service] resolving provenance for metadata file\n#43 DONE 0.0s\n\n#44 [product-service internal] load build definition from Dockerfile\n#44 transferring dockerfile: 652B done\n#44 DONE 0.0s\n\n#2 [product-service internal] load metadata for docker.io/library/gradle:8.5-jdk17\n#2 DONE 2.9s\n\n#3 [product-service internal] load metadata for docker.io/library/eclipse-temurin:17-jre\n#3 DONE 2.8s\n\n#45 [product-service internal] load .dockerignore\n#45 transferring context: 2B done\n#45 DONE 0.0s\n\n#6 [product-service builder 1/5] FROM docker.io/library/gradle:8.5-jdk17@sha256:7704366590930c03de7e514008ba3d7b7031b92591bd5a74fae79c16f3a17726\n#6 resolve docker.io/library/gradle:8.5-jdk17@sha256:7704366590930c03de7e514008ba3d7b7031b92591bd5a74fae79c16f3a17726 0.0s done\n#6 DONE 0.1s\n\n#5 [product-service stage-1 1/4] FROM docker.io/library/eclipse-temurin:17-jre@sha256:fc0c46c43f873754d8651948b94da946449aee0c0262420a86c4d18e84bc3c49\n#5 resolve docker.io/library/eclipse-temurin:17-jre@sha256:fc0c46c43f873754d8651948b94da946449aee0c0262420a86c4d18e84bc3c49 0.0s done\n#5 DONE 0.1s\n\n#46 [product-service internal] load build context\n#46 transferring context: 10.31kB done\n#46 DONE 0.0s\n\n#8 [product-service builder 2/5] WORKDIR /app\n#8 CACHED\n\n#47 [product-service builder 3/5] COPY build.gradle.kts settings.gradle.kts ./\n#47 CACHED\n\n#48 [product-service builder 4/5] COPY src src\n#48 DONE 0.1s\n\n#49 [product-service builder 5/5] RUN gradle build -x test --no-daemon\n#49 0.619 \n#49 0.619 Welcome to Gradle 8.5!\n#49 0.619 \n#49 0.619 Here are the highlights of this release:\n#49 0.619  - Support for running on Java 21\n#49 0.620  - Faster first use with Kotlin DSL\n#49 0.620  - Improved error and warning messages\n#49 0.620 \n#49 0.620 For more details see https://docs.gradle.org/8.5/release-notes.html\n#49 0.620 \n#49 0.620 To honour the JVM settings for this build a single-use Daemon process will be forked. For more on this, please refer to https://docs.gradle.org/8.5/userguide/gradle_daemon.html#sec:disabling_the_daemon in the Gradle documentation.\n#49 1.219 Daemon will be stopped at the end of the build \n#49 87.53 &amp;gt; Task :checkKotlinGradlePluginConfigurationErrors\n#49 95.52 &amp;gt; Task :processResources\n#49 95.52 &amp;gt; Task :check\n#49 99.62 \n#49 99.62 &amp;gt; Task :compileKotlin FAILED\n#49 99.62 e: file:///app/src/main/kotlin/ru/itmo/productservice/exception/GlobalExceptionHandler.kt:74:23 Unresolved reference: ConstraintViolationException\n#49 99.62 e: file:///app/src/main/kotlin/ru/itmo/productservice/exception/GlobalExceptionHandler.kt:74:23 An annotation argument must be a compile-time constant\n#49 99.62 e: file:///app/src/main/kotlin/ru/itmo/productservice/exception/GlobalExceptionHandler.kt:76:13 Unresolved reference: ConstraintViolationException\n#49 99.62 e: file:///app/src/main/kotlin/ru/itmo/productservice/exception/GlobalExceptionHandler.kt:80:23 Unresolved reference: it\n#49 99.62 e: file:///app/src/main/kotlin/ru/itmo/productservice/exception/GlobalExceptionHandler.kt:80:43 Unresolved reference: it\n#49 99.72 \n#49 99.72 FAILURE: Build failed with an exception.\n#49 99.72 \n#49 99.72 * What went wrong:\n#49 99.72 Execution failed for task &amp;#x27;:compileKotlin&amp;#x27;.\n#49 99.72 &amp;gt; A failure occurred while executing org.jetbrains.kotlin.compilerRunner.GradleCompilerRunnerWithWorkers$GradleKotlinCompilerWorkAction\n#49 99.72    &amp;gt; Compilation error. See log for more details\n#49 99.72 \n#49 99.72 * Try:\n#49 99.72 &amp;gt; Run with --stacktrace option to get the stack trace.\n#49 99.72 &amp;gt; Run with --info or --debug option to get more log output.\n#49 99.72 &amp;gt; Run with --scan to get full insights.\n#49 99.72 &amp;gt; Get more help at https://help.gradle.org.\n#49 99.72 \n#49 99.72 BUILD FAILED in 1m 39s\n#49 99.72 3 actionable tasks: 3 executed\n#49 ERROR: process &amp;quot;/bin/sh -c gradle build -x test --no-daemon&amp;quot; did not complete successfully: exit code: 1\n------\n &amp;gt; [product-service builder 5/5] RUN gradle build -x test --no-daemon:\n99.72    &amp;gt; Compilation error. See log for more details\n99.72 \n99.72 * Try:\n99.72 &amp;gt; Run with --stacktrace option to get the stack trace.\n99.72 &amp;gt; Run with --info or --debug option to get more log output.\n99.72 &amp;gt; Run with --scan to get full insights.\n99.72 &amp;gt; Get more help at https://help.gradle.org.\n99.72 \n99.72 BUILD FAILED in 1m 39s\n99.72 3 actionable tasks: 3 executed\n------\n\n---------------------------- Captured stderr setup -----------------------------\nfailed to solve: process &amp;quot;/bin/sh -c gradle build -x test --no-daemon&amp;quot; did not complete successfully: exit code: 1\n&#34;}], &#34;tests/test_gateway_errors.py::test_not_found_endpoint&#34;: [{&#34;extras&#34;: [], &#34;result&#34;: &#34;Error&#34;, &#34;testId&#34;: &#34;tests/test_gateway_errors.py::test_not_found_endpoint::setup&#34;, &#34;duration&#34;: &#34;0 ms&#34;, &#34;resultsTableRow&#34;: [&#34;&lt;td class=\&#34;col-result\&#34;&gt;Error&lt;/td&gt;&#34;, &#34;&lt;td class=\&#34;col-testId\&#34;&gt;tests/test_gateway_errors.py::test_not_found_endpoint::setup&lt;/td&gt;&#34;, &#34;&lt;td class=\&#34;col-duration\&#34;&gt;0 ms&lt;/td&gt;&#34;, &#34;&lt;td class=\&#34;col-links\&#34;&gt;&lt;/td&gt;&#34;], &#34;log&#34;: &#34;conftest.py:30: in docker_compose\n    subprocess.run(\n/opt/homebrew/Cellar/python@3.13/3.13.5/Frameworks/Python.framework/Versions/3.13/lib/python3.13/subprocess.py:577: in run\n    raise CalledProcessError(retcode, process.args,\nE   subprocess.CalledProcessError: Command &amp;#x27;[&amp;#x27;docker-compose&amp;#x27;, &amp;#x27;-f&amp;#x27;, &amp;#x27;docker-compose.yml&amp;#x27;, &amp;#x27;up&amp;#x27;, &amp;#x27;-d&amp;#x27;, &amp;#x27;--build&amp;#x27;]&amp;#x27; returned non-zero exit status 1.\n&#34;}], &#34;tests/test_gateway_errors.py::test_invalid_product_id&#34;: [{&#34;extras&#34;: [], &#34;result&#34;: &#34;Error&#34;, &#34;testId&#34;: &#34;tests/test_gateway_errors.py::test_invalid_product_id::setup&#34;, &#34;duration&#34;: &#34;0 ms&#34;, &#34;resultsTableRow&#34;: [&#34;&lt;td class=\&#34;col-result\&#34;&gt;Error&lt;/td&gt;&#34;, &#34;&lt;td class=\&#34;col-testId\&#34;&gt;tests/test_gateway_errors.py::test_invalid_product_id::setup&lt;/td&gt;&#34;, &#34;&lt;td class=\&#34;col-duration\&#34;&gt;0 ms&lt;/td&gt;&#34;, &#34;&lt;td class=\&#34;col-links\&#34;&gt;&lt;/td&gt;&#34;], &#34;log&#34;: &#34;conftest.py:30: in docker_compose\n    subprocess.run(\n/opt/homebrew/Cellar/python@3.13/3.13.5/Frameworks/Python.framework/Versions/3.13/lib/python3.13/subprocess.py:577: in run\n    raise CalledProcessError(retcode, process.args,\nE   subprocess.CalledProcessError: Command &amp;#x27;[&amp;#x27;docker-compose&amp;#x27;, &amp;#x27;-f&amp;#x27;, &amp;#x27;docker-compose.yml&amp;#x27;, &amp;#x27;up&amp;#x27;, &amp;#x27;-d&amp;#x27;, &amp;#x27;--build&amp;#x27;]&amp;#x27; returned non-zero exit status 1.\n&#34;}], &#34;tests/test_gateway_errors.py::test_invalid_cart_user_id&#34;: [{&#34;extras&#34;: [], &#34;result&#34;: &#34;Error&#34;, &#34;testId&#34;: &#34;tests/test_gateway_errors.py::test_invalid_cart_user_id::setup&#34;, &#34;duration&#34;: &#34;0 ms&#34;, &#34;resultsTableRow&#34;: [&#34;&lt;td class=\&#34;col-result\&#34;&gt;Error&lt;/td&gt;&#34;, &#34;&lt;td class=\&#34;col-testId\&#34;&gt;tests/test_gateway_errors.py::test_invalid_cart_user_id::setup&lt;/td&gt;&#34;, &#34;&lt;td class=\&#34;col-duration\&#34;&gt;0 ms&lt;/td&gt;&#34;, &#34;&lt;td class=\&#34;col-links\&#34;&gt;&lt;/td&gt;&#34;], &#34;log&#34;: &#34;conftest.py:30: in docker_compose\n    subprocess.run(\n/opt/homebrew/Cellar/python@3.13/3.13.5/Frameworks/Python.framework/Versions/3.13/lib/python3.13/subprocess.py:577: in run\n    raise CalledProcessError(retcode, process.args,\nE   subprocess.CalledProcessError: Command &amp;#x27;[&amp;#x27;docker-compose&amp;#x27;, &amp;#x27;-f&amp;#x27;, &amp;#x27;docker-compose.yml&amp;#x27;, &amp;#x27;up&amp;#x27;, &amp;#x27;-d&amp;#x27;, &amp;#x27;--build&amp;#x27;]&amp;#x27; returned non-zero exit status 1.\n&#34;}], &#34;tests/test_moderation_service.py::TestModerationService::test_get_pending_products&#34;: [{&#34;extras&#34;: [], &#34;result&#34;: &#34;Error&#34;, &#34;testId&#34;: &#34;tests/test_moderation_service.py::TestModerationService::test_get_pending_products::setup&#34;, &#34;duration&#34;: &#34;0 ms&#34;, &#34;resultsTableRow&#34;: [&#34;&lt;td class=\&#34;col-result\&#34;&gt;Error&lt;/td&gt;&#34;, &#34;&lt;td class=\&#34;col-testId\&#34;&gt;tests/test_moderation_service.py::TestModerationService::test_get_pending_products::setup&lt;/td&gt;&#34;, &#34;&lt;td class=\&#34;col-duration\&#34;&gt;0 ms&lt;/td&gt;&#34;, &#34;&lt;td class=\&#34;col-links\&#34;&gt;&lt;/td&gt;&#34;], &#34;log&#34;: &#34;conftest.py:30: in docker_compose\n    subprocess.run(\n/opt/homebrew/Cellar/python@3.13/3.13.5/Frameworks/Python.framework/Versions/3.13/lib/python3.13/subprocess.py:577: in run\n    raise CalledProcessError(retcode, process.args,\nE   subprocess.CalledProcessError: Command &amp;#x27;[&amp;#x27;docker-compose&amp;#x27;, &amp;#x27;-f&amp;#x27;, &amp;#x27;docker-compose.yml&amp;#x27;, &amp;#x27;up&amp;#x27;, &amp;#x27;-d&amp;#x27;, &amp;#x27;--build&amp;#x27;]&amp;#x27; returned non-zero exit status 1.\n&#34;}], &#34;tests/test_moderation_service.py::TestModerationService::test_get_pending_product_by_id&#34;: [{&#34;extras&#34;: [], &#34;result&#34;: &#34;Error&#34;, &#34;testId&#34;: &#34;tests/test_moderation_service.py::TestModerationService::test_get_pending_product_by_id::setup&#34;, &#34;duration&#34;: &#34;0 ms&#34;, &#34;resultsTableRow&#34;: [&#34;&lt;td class=\&#34;col-result\&#34;&gt;Error&lt;/td&gt;&#34;, &#34;&lt;td class=\&#34;col-testId\&#34;&gt;tests/test_moderation_service.py::TestModerationService::test_get_pending_product_by_id::setup&lt;/td&gt;&#34;, &#34;&lt;td class=\&#34;col-duration\&#34;&gt;0 ms&lt;/td&gt;&#34;, &#34;&lt;td class=\&#34;col-links\&#34;&gt;&lt;/td&gt;&#34;], &#34;log&#34;: &#34;conftest.py:30: in docker_compose\n    subprocess.run(\n/opt/homebrew/Cellar/python@3.13/3.13.5/Frameworks/Python.framework/Versions/3.13/lib/python3.13/subprocess.py:577: in run\n    raise CalledProcessError(retcode, process.args,\nE   subprocess.CalledProcessError: Command &amp;#x27;[&amp;#x27;docker-compose&amp;#x27;, &amp;#x27;-f&amp;#x27;, &amp;#x27;docker-compose.yml&amp;#x27;, &amp;#x27;up&amp;#x27;, &amp;#x27;-d&amp;#x27;, &amp;#x27;--build&amp;#x27;]&amp;#x27; returned non-zero exit status 1.\n&#34;}], &#34;tests/test_moderation_service.py::TestModerationService::test_approve_product&#34;: [{&#34;extras&#34;: [], &#34;result&#34;: &#34;Error&#34;, &#34;testId&#34;: &#34;tests/test_moderation_service.py::TestModerationService::test_approve_product::setup&#34;, &#34;duration&#34;: &#34;0 ms&#34;, &#34;resultsTableRow&#34;: [&#34;&lt;td class=\&#34;col-result\&#34;&gt;Error&lt;/td&gt;&#34;, &#34;&lt;td class=\&#34;col-testId\&#34;&gt;tests/test_moderation_service.py::TestModerationService::test_approve_product::setup&lt;/td&gt;&#34;, &#34;&lt;td class=\&#34;col-duration\&#34;&gt;0 ms&lt;/td&gt;&#34;, &#34;&lt;td class=\&#34;col-links\&#34;&gt;&lt;/td&gt;&#34;], &#34;log&#34;: &#34;conftest.py:30: in docker_compose\n    subprocess.run(\n/opt/homebrew/Cellar/python@3.13/3.13.5/Frameworks/Python.framework/Versions/3.13/lib/python3.13/subprocess.py:577: in run\n    raise CalledProcessError(retcode, process.args,\nE   subprocess.CalledProcessError: Command &amp;#x27;[&amp;#x27;docker-compose&amp;#x27;, &amp;#x27;-f&amp;#x27;, &amp;#x27;docker-compose.yml&amp;#x27;, &amp;#x27;up&amp;#x27;, &amp;#x27;-d&amp;#x27;, &amp;#x27;--build&amp;#x27;]&amp;#x27; returned non-zero exit status 1.\n&#34;}], &#34;tests/test_moderation_service.py::TestModerationService::test_reject_product&#34;: [{&#34;extras&#34;: [], &#34;result&#34;: &#34;Error&#34;, &#34;testId&#34;: &#34;tests/test_moderation_service.py::TestModerationService::test_reject_product::setup&#34;, &#34;duration&#34;: &#34;0 ms&#34;, &#34;resultsTableRow&#34;: [&#34;&lt;td class=\&#34;col-result\&#34;&gt;Error&lt;/td&gt;&#34;, &#34;&lt;td class=\&#34;col-testId\&#34;&gt;tests/test_moderation_service.py::TestModerationService::test_reject_product::setup&lt;/td&gt;&#34;, &#34;&lt;td class=\&#34;col-duration\&#34;&gt;0 ms&lt;/td&gt;&#34;, &#34;&lt;td class=\&#34;col-links\&#34;&gt;&lt;/td&gt;&#34;], &#34;log&#34;: &#34;conftest.py:30: in docker_compose\n    subprocess.run(\n/opt/homebrew/Cellar/python@3.13/3.13.5/Frameworks/Python.framework/Versions/3.13/lib/python3.13/subprocess.py:577: in run\n    raise CalledProcessError(retcode, process.args,\nE   subprocess.CalledProcessError: Command &amp;#x27;[&amp;#x27;docker-compose&amp;#x27;, &amp;#x27;-f&amp;#x27;, &amp;#x27;docker-compose.yml&amp;#x27;, &amp;#x27;up&amp;#x27;, &amp;#x27;-d&amp;#x27;, &amp;#x27;--build&amp;#x27;]&amp;#x27; returned non-zero exit status 1.\n&#34;}], &#34;tests/test_moderation_service.py::TestModerationService::test_bulk_moderate&#34;: [{&#34;extras&#34;: [], &#34;result&#34;: &#34;Error&#34;, &#34;testId&#34;: &#34;tests/test_moderation_service.py::TestModerationService::test_bulk_moderate::setup&#34;, &#34;duration&#34;: &#34;0 ms&#34;, &#34;resultsTableRow&#34;: [&#34;&lt;td class=\&#34;col-result\&#34;&gt;Error&lt;/td&gt;&#34;, &#34;&lt;td class=\&#34;col-testId\&#34;&gt;tests/test_moderation_service.py::TestModerationService::test_bulk_moderate::setup&lt;/td&gt;&#34;, &#34;&lt;td class=\&#34;col-duration\&#34;&gt;0 ms&lt;/td&gt;&#34;, &#34;&lt;td class=\&#34;col-links\&#34;&gt;&lt;/td&gt;&#34;], &#34;log&#34;: &#34;conftest.py:30: in docker_compose\n    subprocess.run(\n/opt/homebrew/Cellar/python@3.13/3.13.5/Frameworks/Python.framework/Versions/3.13/lib/python3.13/subprocess.py:577: in run\n    raise CalledProcessError(retcode, process.args,\nE   subprocess.CalledProcessError: Command &amp;#x27;[&amp;#x27;docker-compose&amp;#x27;, &amp;#x27;-f&amp;#x27;, &amp;#x27;docker-compose.yml&amp;#x27;, &amp;#x27;up&amp;#x27;, &amp;#x27;-d&amp;#x27;, &amp;#x27;--build&amp;#x27;]&amp;#x27; returned non-zero exit status 1.\n&#34;}], &#34;tests/test_moderation_service.py::TestModerationService::test_moderation_history_by_moderator&#34;: [{&#34;extras&#34;: [], &#34;result&#34;: &#34;Error&#34;, &#34;testId&#34;: &#34;tests/test_moderation_service.py::TestModerationService::test_moderation_history_by_moderator::setup&#34;, &#34;duration&#34;: &#34;0 ms&#34;, &#34;resultsTableRow&#34;: [&#34;&lt;td class=\&#34;col-result\&#34;&gt;Error&lt;/td&gt;&#34;, &#34;&lt;td class=\&#34;col-testId\&#34;&gt;tests/test_moderation_service.py::TestModerationService::test_moderation_history_by_moderator::setup&lt;/td&gt;&#34;, &#34;&lt;td class=\&#34;col-duration\&#34;&gt;0 ms&lt;/td&gt;&#34;, &#34;&lt;td class=\&#34;col-links\&#34;&gt;&lt;/td&gt;&#34;], &#34;log&#34;: &#34;conftest.py:30: in docker_compose\n    subprocess.run(\n/opt/homebrew/Cellar/python@3.13/3.13.5/Frameworks/Python.framework/Versions/3.13/lib/python3.13/subprocess.py:577: in run\n    raise CalledProcessError(retcode, process.args,\nE   subprocess.CalledProcessError: Command &amp;#x27;[&amp;#x27;docker-compose&amp;#x27;, &amp;#x27;-f&amp;#x27;, &amp;#x27;docker-compose.yml&amp;#x27;, &amp;#x27;up&amp;#x27;, &amp;#x27;-d&amp;#x27;, &amp;#x27;--build&amp;#x27;]&amp;#x27; returned non-zero exit status 1.\n&#34;}], &#34;tests/test_moderation_service.py::TestModerationService::test_product_moderation_history&#34;: [{&#34;extras&#34;: [], &#34;result&#34;: &#34;Error&#34;, &#34;testId&#34;: &#34;tests/test_moderation_service.py::TestModerationService::test_product_moderation_history::setup&#34;, &#34;duration&#34;: &#34;0 ms&#34;, &#34;resultsTableRow&#34;: [&#34;&lt;td class=\&#34;col-result\&#34;&gt;Error&lt;/td&gt;&#34;, &#34;&lt;td class=\&#34;col-testId\&#34;&gt;tests/test_moderation_service.py::TestModerationService::test_product_moderation_history::setup&lt;/td&gt;&#34;, &#34;&lt;td class=\&#34;col-duration\&#34;&gt;0 ms&lt;/td&gt;&#34;, &#34;&lt;td class=\&#34;col-links\&#34;&gt;&lt;/td&gt;&#34;], &#34;log&#34;: &#34;conftest.py:30: in docker_compose\n    subprocess.run(\n/opt/homebrew/Cellar/python@3.13/3.13.5/Frameworks/Python.framework/Versions/3.13/lib/python3.13/subprocess.py:577: in run\n    raise CalledProcessError(retcode, process.args,\nE   subprocess.CalledProcessError: Command &amp;#x27;[&amp;#x27;docker-compose&amp;#x27;, &amp;#x27;-f&amp;#x27;, &amp;#x27;docker-compose.yml&amp;#x27;, &amp;#x27;up&amp;#x27;, &amp;#x27;-d&amp;#x27;, &amp;#x27;--build&amp;#x27;]&amp;#x27; returned non-zero exit status 1.\n&#34;}], &#34;tests/test_order_service.py::TestOrderService::test_get_empty_cart&#34;: [{&#34;extras&#34;: [], &#34;result&#34;: &#34;Error&#34;, &#34;testId&#34;: &#34;tests/test_order_service.py::TestOrderService::test_get_empty_cart::setup&#34;, &#34;duration&#34;: &#34;0 ms&#34;, &#34;resultsTableRow&#34;: [&#34;&lt;td class=\&#34;col-result\&#34;&gt;Error&lt;/td&gt;&#34;, &#34;&lt;td class=\&#34;col-testId\&#34;&gt;tests/test_order_service.py::TestOrderService::test_get_empty_cart::setup&lt;/td&gt;&#34;, &#34;&lt;td class=\&#34;col-duration\&#34;&gt;0 ms&lt;/td&gt;&#34;, &#34;&lt;td class=\&#34;col-links\&#34;&gt;&lt;/td&gt;&#34;], &#34;log&#34;: &#34;conftest.py:30: in docker_compose\n    subprocess.run(\n/opt/homebrew/Cellar/python@3.13/3.13.5/Frameworks/Python.framework/Versions/3.13/lib/python3.13/subprocess.py:577: in run\n    raise CalledProcessError(retcode, process.args,\nE   subprocess.CalledProcessError: Command &amp;#x27;[&amp;#x27;docker-compose&amp;#x27;, &amp;#x27;-f&amp;#x27;, &amp;#x27;docker-compose.yml&amp;#x27;, &amp;#x27;up&amp;#x27;, &amp;#x27;-d&amp;#x27;, &amp;#x27;--build&amp;#x27;]&amp;#x27; returned non-zero exit status 1.\n&#34;}], &#34;tests/test_order_service.py::TestOrderService::test_add_to_cart_and_get&#34;: [{&#34;extras&#34;: [], &#34;result&#34;: &#34;Error&#34;, &#34;testId&#34;: &#34;tests/test_order_service.py::TestOrderService::test_add_to_cart_and_get::setup&#34;, &#34;duration&#34;: &#34;0 ms&#34;, &#34;resultsTableRow&#34;: [&#34;&lt;td class=\&#34;col-result\&#34;&gt;Error&lt;/td&gt;&#34;, &#34;&lt;td class=\&#34;col-testId\&#34;&gt;tests/test_order_service.py::TestOrderService::test_add_to_cart_and_get::setup&lt;/td&gt;&#34;, &#34;&lt;td class=\&#34;col-duration\&#34;&gt;0 ms&lt;/td&gt;&#34;, &#34;&lt;td class=\&#34;col-links\&#34;&gt;&lt;/td&gt;&#34;], &#34;log&#34;: &#34;conftest.py:30: in docker_compose\n    subprocess.run(\n/opt/homebrew/Cellar/python@3.13/3.13.5/Frameworks/Python.framework/Versions/3.13/lib/python3.13/subprocess.py:577: in run\n    raise CalledProcessError(retcode, process.args,\nE   subprocess.CalledProcessError: Command &amp;#x27;[&amp;#x27;docker-compose&amp;#x27;, &amp;#x27;-f&amp;#x27;, &amp;#x27;docker-compose.yml&amp;#x27;, &amp;#x27;up&amp;#x27;, &amp;#x27;-d&amp;#x27;, &amp;#x27;--build&amp;#x27;]&amp;#x27; returned non-zero exit status 1.\n&#34;}], &#34;tests/test_order_service.py::TestOrderService::test_update_cart_item&#34;: [{&#34;extras&#34;: [], &#34;result&#34;: &#34;Error&#34;, &#34;testId&#34;: &#34;tests/test_order_service.py::TestOrderService::test_update_cart_item::setup&#34;, &#34;duration&#34;: &#34;0 ms&#34;, &#34;resultsTableRow&#34;: [&#34;&lt;td class=\&#34;col-result\&#34;&gt;Error&lt;/td&gt;&#34;, &#34;&lt;td class=\&#34;col-testId\&#34;&gt;tests/test_order_service.py::TestOrderService::test_update_cart_item::setup&lt;/td&gt;&#34;, &#34;&lt;td class=\&#34;col-duration\&#34;&gt;0 ms&lt;/td&gt;&#34;, &#34;&lt;td class=\&#34;col-links\&#34;&gt;&lt;/td&gt;&#34;], &#34;log&#34;: &#34;conftest.py:30: in docker_compose\n    subprocess.run(\n/opt/homebrew/Cellar/python@3.13/3.13.5/Frameworks/Python.framework/Versions/3.13/lib/python3.13/subprocess.py:577: in run\n    raise CalledProcessError(retcode, process.args,\nE   subprocess.CalledProcessError: Command &amp;#x27;[&amp;#x27;docker-compose&amp;#x27;, &amp;#x27;-f&amp;#x27;, &amp;#x27;docker-compose.yml&amp;#x27;, &amp;#x27;up&amp;#x27;, &amp;#x27;-d&amp;#x27;, &amp;#x27;--build&amp;#x27;]&amp;#x27; returned non-zero exit status 1.\n&#34;}], &#34;tests/test_order_service.py::TestOrderService::test_remove_from_cart&#34;: [{&#34;extras&#34;: [], &#34;result&#34;: &#34;Error&#34;, &#34;testId&#34;: &#34;tests/test_order_service.py::TestOrderService::test_remove_from_cart::setup&#34;, &#34;duration&#34;: &#34;0 ms&#34;, &#34;resultsTableRow&#34;: [&#34;&lt;td class=\&#34;col-result\&#34;&gt;Error&lt;/td&gt;&#34;, &#34;&lt;td class=\&#34;col-testId\&#34;&gt;tests/test_order_service.py::TestOrderService::test_remove_from_cart::setup&lt;/td&gt;&#34;, &#34;&lt;td class=\&#34;col-duration\&#34;&gt;0 ms&lt;/td&gt;&#34;, &#34;&lt;td class=\&#34;col-links\&#34;&gt;&lt;/td&gt;&#34;], &#34;log&#34;: &#34;conftest.py:30: in docker_compose\n    subprocess.run(\n/opt/homebrew/Cellar/python@3.13/3.13.5/Frameworks/Python.framework/Versions/3.13/lib/python3.13/subprocess.py:577: in run\n    raise CalledProcessError(retcode, process.args,\nE   subprocess.CalledProcessError: Command &amp;#x27;[&amp;#x27;docker-compose&amp;#x27;, &amp;#x27;-f&amp;#x27;, &amp;#x27;docker-compose.yml&amp;#x27;, &amp;#x27;up&amp;#x27;, &amp;#x27;-d&amp;#x27;, &amp;#x27;--build&amp;#x27;]&amp;#x27; returned non-zero exit status 1.\n&#34;}], &#34;tests/test_order_service.py::TestOrderService::test_clear_cart&#34;: [{&#34;extras&#34;: [], &#34;result&#34;: &#34;Error&#34;, &#34;testId&#34;: &#34;tests/test_order_service.py::TestOrderService::test_clear_cart::setup&#34;, &#34;duration&#34;: &#34;0 ms&#34;, &#34;resultsTableRow&#34;: [&#34;&lt;td class=\&#34;col-result\&#34;&gt;Error&lt;/td&gt;&#34;, &#34;&lt;td class=\&#34;col-testId\&#34;&gt;tests/test_order_service.py::TestOrderService::test_clear_cart::setup&lt;/td&gt;&#34;, &#34;&lt;td class=\&#34;col-duration\&#34;&gt;0 ms&lt;/td&gt;&#34;, &#34;&lt;td class=\&#34;col-links\&#34;&gt;&lt;/td&gt;&#34;], &#34;log&#34;: &#34;conftest.py:30: in docker_compose\n    subprocess.run(\n/opt/homebrew/Cellar/python@3.13/3.13.5/Frameworks/Python.framework/Versions/3.13/lib/python3.13/subprocess.py:577: in run\n    raise CalledProcessError(retcode, process.args,\nE   subprocess.CalledProcessError: Command &amp;#x27;[&amp;#x27;docker-compose&amp;#x27;, &amp;#x27;-f&amp;#x27;, &amp;#x27;docker-compose.yml&amp;#x27;, &amp;#x27;up&amp;#x27;, &amp;#x27;-d&amp;#x27;, &amp;#x27;--build&amp;#x27;]&amp;#x27; returned non-zero exit status 1.\n&#34;}], &#34;tests/test_order_service.py::TestOrderService::test_create_order_from_cart&#34;: [{&#34;extras&#34;: [], &#34;result&#34;: &#34;Error&#34;, &#34;testId&#34;: &#34;tests/test_order_service.py::TestOrderService::test_create_order_from_cart::setup&#34;, &#34;duration&#34;: &#34;0 ms&#34;, &#34;resultsTableRow&#34;: [&#34;&lt;td class=\&#34;col-result\&#34;&gt;Error&lt;/td&gt;&#34;, &#34;&lt;td class=\&#34;col-testId\&#34;&gt;tests/test_order_service.py::TestOrderService::test_create_order_from_cart::setup&lt;/td&gt;&#34;, &#34;&lt;td class=\&#34;col-duration\&#34;&gt;0 ms&lt;/td&gt;&#34;, &#34;&lt;td class=\&#34;col-links\&#34;&gt;&lt;/td&gt;&#34;], &#34;log&#34;: &#34;conftest.py:30: in docker_compose\n    subprocess.run(\n/opt/homebrew/Cellar/python@3.13/3.13.5/Frameworks/Python.framework/Versions/3.13/lib/python3.13/subprocess.py:577: in run\n    raise CalledProcessError(retcode, process.args,\nE   subprocess.CalledProcessError: Command &amp;#x27;[&amp;#x27;docker-compose&amp;#x27;, &amp;#x27;-f&amp;#x27;, &amp;#x27;docker-compose.yml&amp;#x27;, &amp;#x27;up&amp;#x27;, &amp;#x27;-d&amp;#x27;, &amp;#x27;--build&amp;#x27;]&amp;#x27; returned non-zero exit status 1.\n&#34;}], &#34;tests/test_order_service.py::TestOrderService::test_get_user_orders_and_order_by_id&#34;: [{&#34;extras&#34;: [], &#34;result&#34;: &#34;Error&#34;, &#34;testId&#34;: &#34;tests/test_order_service.py::TestOrderService::test_get_user_orders_and_order_by_id::setup&#34;, &#34;duration&#34;: &#34;0 ms&#34;, &#34;resultsTableRow&#34;: [&#34;&lt;td class=\&#34;col-result\&#34;&gt;Error&lt;/td&gt;&#34;, &#34;&lt;td class=\&#34;col-testId\&#34;&gt;tests/test_order_service.py::TestOrderService::test_get_user_orders_and_order_by_id::setup&lt;/td&gt;&#34;, &#34;&lt;td class=\&#34;col-duration\&#34;&gt;0 ms&lt;/td&gt;&#34;, &#34;&lt;td class=\&#34;col-links\&#34;&gt;&lt;/td&gt;&#34;], &#34;log&#34;: &#34;conftest.py:30: in docker_compose\n    subprocess.run(\n/opt/homebrew/Cellar/python@3.13/3.13.5/Frameworks/Python.framework/Versions/3.13/lib/python3.13/subprocess.py:577: in run\n    raise CalledProcessError(retcode, process.args,\nE   subprocess.CalledProcessError: Command &amp;#x27;[&amp;#x27;docker-compose&amp;#x27;, &amp;#x27;-f&amp;#x27;, &amp;#x27;docker-compose.yml&amp;#x27;, &amp;#x27;up&amp;#x27;, &amp;#x27;-d&amp;#x27;, &amp;#x27;--build&amp;#x27;]&amp;#x27; returned non-zero exit status 1.\n&#34;}], &#34;tests/test_product_service.py::TestProductService::test_create_shop&#34;: [{&#34;extras&#34;: [], &#34;result&#34;: &#34;Error&#34;, &#34;testId&#34;: &#34;tests/test_product_service.py::TestProductService::test_create_shop::setup&#34;, &#34;duration&#34;: &#34;0 ms&#34;, &#34;resultsTableRow&#34;: [&#34;&lt;td class=\&#34;col-result\&#34;&gt;Error&lt;/td&gt;&#34;, &#34;&lt;td class=\&#34;col-testId\&#34;&gt;tests/test_product_service.py::TestProductService::test_create_shop::setup&lt;/td&gt;&#34;, &#34;&lt;td class=\&#34;col-duration\&#34;&gt;0 ms&lt;/td&gt;&#34;, &#34;&lt;td class=\&#34;col-links\&#34;&gt;&lt;/td&gt;&#34;], &#34;log&#34;: &#34;conftest.py:30: in docker_compose\n    subprocess.run(\n/opt/homebrew/Cellar/python@3.13/3.13.5/Frameworks/Python.framework/Versions/3.13/lib/python3.13/subprocess.py:577: in run\n    raise CalledProcessError(retcode, process.args,\nE   subprocess.CalledProcessError: Command &amp;#x27;[&amp;#x27;docker-compose&amp;#x27;, &amp;#x27;-f&amp;#x27;, &amp;#x27;docker-compose.yml&amp;#x27;, &amp;#x27;up&amp;#x27;, &amp;#x27;-d&amp;#x27;, &amp;#x27;--build&amp;#x27;]&amp;#x27; returned non-zero exit status 1.\n&#34;}], &#34;tests/test_product_service.py::TestProductService::test_get_shop_by_id&#34;: [{&#34;extras&#34;: [], &#34;result&#34;: &#34;Error&#34;, &#34;testId&#34;: &#34;tests/test_product_service.py::TestProductService::test_get_shop_by_id::setup&#34;, &#34;duration&#34;: &#34;0 ms&#34;, &#34;resultsTableRow&#34;: [&#34;&lt;td class=\&#34;col-result\&#34;&gt;Error&lt;/td&gt;&#34;, &#34;&lt;td class=\&#34;col-testId\&#34;&gt;tests/test_product_service.py::TestProductService::test_get_shop_by_id::setup&lt;/td&gt;&#34;, &#34;&lt;td class=\&#34;col-duration\&#34;&gt;0 ms&lt;/td&gt;&#34;, &#34;&lt;td class=\&#34;col-links\&#34;&gt;&lt;/td&gt;&#34;], &#34;log&#34;: &#34;conftest.py:30: in docker_compose\n    subprocess.run(\n/opt/homebrew/Cellar/python@3.13/3.13.5/Frameworks/Python.framework/Versions/3.13/lib/python3.13/subprocess.py:577: in run\n    raise CalledProcessError(retcode, process.args,\nE   subprocess.CalledProcessError: Command &amp;#x27;[&amp;#x27;docker-compose&amp;#x27;, &amp;#x27;-f&amp;#x27;, &amp;#x27;docker-compose.yml&amp;#x27;, &amp;#x27;up&amp;#x27;, &amp;#x27;-d&amp;#x27;, &amp;#x27;--build&amp;#x27;]&amp;#x27; returned non-zero exit status 1.\n&#34;}], &#34;tests/test_product_service.py::TestProductService::test_get_all_shops&#34;: [{&#34;extras&#34;: [], &#34;result&#34;: &#34;Error&#34;, &#34;testId&#34;: &#34;tests/test_product_service.py::TestProductService::test_get_all_shops::setup&#34;, &#34;duration&#34;: &#34;0 ms&#34;, &#34;resultsTableRow&#34;: [&#34;&lt;td class=\&#34;col-result\&#34;&gt;Error&lt;/td&gt;&#34;, &#34;&lt;td class=\&#34;col-testId\&#34;&gt;tests/test_product_service.py::TestProductService::test_get_all_shops::setup&lt;/td&gt;&#34;, &#34;&lt;td class=\&#34;col-duration\&#34;&gt;0 ms&lt;/td&gt;&#34;, &#34;&lt;td class=\&#34;col-links\&#34;&gt;&lt;/td&gt;&#34;], &#34;log&#34;: &#34;conftest.py:30: in docker_compose\n    subprocess.run(\n/opt/homebrew/Cellar/python@3.13/3.13.5/Frameworks/Python.framework/Versions/3.13/lib/python3.13/subprocess.py:577: in run\n    raise CalledProcessError(retcode, process.args,\nE   subprocess.CalledProcessError: Command &amp;#x27;[&amp;#x27;docker-compose&amp;#x27;, &amp;#x27;-f&amp;#x27;, &amp;#x27;docker-compose.yml&amp;#x27;, &amp;#x27;up&amp;#x27;, &amp;#x27;-d&amp;#x27;, &amp;#x27;--build&amp;#x27;]&amp;#x27; returned non-zero exit status 1.\n&#34;}], &#34;tests/test_product_service.py::TestProductService::test_create_product&#34;: [{&#34;extras&#34;: [], &#34;result&#34;: &#34;Error&#34;, &#34;testId&#34;: &#34;tests/test_product_service.py::TestProductService::test_create_product::setup&#34;, &#34;duration&#34;: &#34;0 ms&#34;, &#34;resultsTableRow&#34;: [&#34;&lt;td class=\&#34;col-result\&#34;&gt;Error&lt;/td&gt;&#34;, &#34;&lt;td class=\&#34;col-testId\&#34;&gt;tests/test_product_service.py::TestProductService::test_create_product::setup&lt;/td&gt;&#34;, &#34;&lt;td class=\&#34;col-duration\&#34;&gt;0 ms&lt;/td&gt;&#34;, &#34;&lt;td class=\&#34;col-links\&#34;&gt;&lt;/td&gt;&#34;], &#34;log&#34;: &#34;conftest.py:30: in docker_compose\n    subprocess.run(\n/opt/homebrew/Cellar/python@3.13/3.13.5/Frameworks/Python.framework/Versions/3.13/lib/python3.13/subprocess.py:577: in run\n    raise CalledProcessError(retcode, process.args,\nE   subprocess.CalledProcessError: Command &amp;#x27;[&amp;#x27;docker-compose&amp;#x27;, &amp;#x27;-f&amp;#x27;, &amp;#x27;docker-compose.yml&amp;#x27;, &amp;#x27;up&amp;#x27;, &amp;#x27;-d&amp;#x27;, &amp;#x27;--build&amp;#x27;]&amp;#x27; returned non-zero exit status 1.\n&#34;}], &#34;tests/test_product_service.py::TestProductService::test_get_product_by_id&#34;: [{&#34;extras&#34;: [], &#34;result&#34;: &#34;Error&#34;, &#34;testId&#34;: &#34;tests/test_product_service.py::TestProductService::test_get_product_by_id::setup&#34;, &#34;duration&#34;: &#34;0 ms&#34;, &#34;resultsTableRow&#34;: [&#34;&lt;td class=\&#34;col-result\&#34;&gt;Error&lt;/td&gt;&#34;, &#34;&lt;td class=\&#34;col-testId\&#34;&gt;tests/test_product_service.py::TestProductService::test_get_product_by_id::setup&lt;/td&gt;&#34;, &#34;&lt;td class=\&#34;col-duration\&#34;&gt;0 ms&lt;/td&gt;&#34;, &#34;&lt;td class=\&#34;col-links\&#34;&gt;&lt;/td&gt;&#34;], &#34;log&#34;: &#34;conftest.py:30: in docker_compose\n    subprocess.run(\n/opt/homebrew/Cellar/python@3.13/3.13.5/Frameworks/Python.framework/Versions/3.13/lib/python3.13/subprocess.py:577: in run\n    raise CalledProcessError(retcode, process.args,\nE   subprocess.CalledProcessError: Command &amp;#x27;[&amp;#x27;docker-compose&amp;#x27;, &amp;#x27;-f&amp;#x27;, &amp;#x27;docker-compose.yml&amp;#x27;, &amp;#x27;up&amp;#x27;, &amp;#x27;-d&amp;#x27;, &amp;#x27;--build&amp;#x27;]&amp;#x27; returned non-zero exit status 1.\n&#34;}], &#34;tests/test_product_service.py::TestProductService::test_get_all_products&#34;: [{&#34;extras&#34;: [], &#34;result&#34;: &#34;Error&#34;, &#34;testId&#34;: &#34;tests/test_product_service.py::TestProductService::test_get_all_products::setup&#34;, &#34;duration&#34;: &#34;0 ms&#34;, &#34;resultsTableRow&#34;: [&#34;&lt;td class=\&#34;col-result\&#34;&gt;Error&lt;/td&gt;&#34;, &#34;&lt;td class=\&#34;col-testId\&#34;&gt;tests/test_product_service.py::TestProductService::test_get_all_products::setup&lt;/td&gt;&#34;, &#34;&lt;td class=\&#34;col-duration\&#34;&gt;0 ms&lt;/td&gt;&#34;, &#34;&lt;td class=\&#34;col-links\&#34;&gt;&lt;/td&gt;&#34;], &#34;log&#34;: &#34;conftest.py:30: in docker_compose\n    subprocess.run(\n/opt/homebrew/Cellar/python@3.13/3.13.5/Frameworks/Python.framework/Versions/3.13/lib/python3.13/subprocess.py:577: in run\n    raise CalledProcessError(retcode, process.args,\nE   subprocess.CalledProcessError: Command &amp;#x27;[&amp;#x27;docker-compose&amp;#x27;, &amp;#x27;-f&amp;#x27;, &amp;#x27;docker-compose.yml&amp;#x27;, &amp;#x27;up&amp;#x27;, &amp;#x27;-d&amp;#x27;, &amp;#x27;--build&amp;#x27;]&amp;#x27; returned non-zero exit status 1.\n&#34;}], &#34;tests/test_product_service.py::TestProductService::test_search_products&#34;: [{&#34;extras&#34;: [], &#34;result&#34;: &#34;Error&#34;, &#34;testId&#34;: &#34;tests/test_product_service.py::TestProductService::test_search_products::setup&#34;, &#34;duration&#34;: &#34;0 ms&#34;, &#34;resultsTableRow&#34;: [&#34;&lt;td class=\&#34;col-result\&#34;&gt;Error&lt;/td&gt;&#34;, &#34;&lt;td class=\&#34;col-testId\&#34;&gt;tests/test_product_service.py::TestProductService::test_search_products::setup&lt;/td&gt;&#34;, &#34;&lt;td class=\&#34;col-duration\&#34;&gt;0 ms&lt;/td&gt;&#34;, &#34;&lt;td class=\&#34;col-links\&#34;&gt;&lt;/td&gt;&#34;], &#34;log&#34;: &#34;conftest.py:30: in docker_compose\n    subprocess.run(\n/opt/homebrew/Cellar/python@3.13/3.13.5/Frameworks/Python.framework/Versions/3.13/lib/python3.13/subprocess.py:577: in run\n    raise CalledProcessError(retcode, process.args,\nE   subprocess.CalledProcessError: Command &amp;#x27;[&amp;#x27;docker-compose&amp;#x27;, &amp;#x27;-f&amp;#x27;, &amp;#x27;docker-compose.yml&amp;#x27;, &amp;#x27;up&amp;#x27;, &amp;#x27;-d&amp;#x27;, &amp;#x27;--build&amp;#x27;]&amp;#x27; returned non-zero exit status 1.\n&#34;}], &#34;tests/test_product_service.py::TestProductService::test_get_pending_products&#34;: [{&#34;extras&#34;: [], &#34;result&#34;: &#34;Error&#34;, &#34;testId&#34;: &#34;tests/test_product_service.py::TestProductService::test_get_pending_products::setup&#34;, &#34;duration&#34;: &#34;0 ms&#34;, &#34;resultsTableRow&#34;: [&#34;&lt;td class=\&#34;col-result\&#34;&gt;Error&lt;/td&gt;&#34;, &#34;&lt;td class=\&#34;col-testId\&#34;&gt;tests/test_product_service.py::TestProductService::test_get_pending_products::setup&lt;/td&gt;&#34;, &#34;&lt;td class=\&#34;col-duration\&#34;&gt;0 ms&lt;/td&gt;&#34;, &#34;&lt;td class=\&#34;col-links\&#34;&gt;&lt;/td&gt;&#34;], &#34;log&#34;: &#34;conftest.py:30: in docker_compose\n    subprocess.run(\n/opt/homebrew/Cellar/python@3.13/3.13.5/Frameworks/Python.framework/Versions/3.13/lib/python3.13/subprocess.py:577: in run\n    raise CalledProcessError(retcode, process.args,\nE   subprocess.CalledProcessError: Command &amp;#x27;[&amp;#x27;docker-compose&amp;#x27;, &amp;#x27;-f&amp;#x27;, &amp;#x27;docker-compose.yml&amp;#x27;, &amp;#x27;up&amp;#x27;, &amp;#x27;-d&amp;#x27;, &amp;#x27;--build&amp;#x27;]&amp;#x27; returned non-zero exit status 1.\n&#34;}], &#34;tests/test_product_service.py::TestProductService::test_get_shop_products&#34;: [{&#34;extras&#34;: [], &#34;result&#34;: &#34;Error&#34;, &#34;testId&#34;: &#34;tests/test_product_service.py::TestProductService::test_get_shop_products::setup&#34;, &#34;duration&#34;: &#34;0 ms&#34;, &#34;resultsTableRow&#34;: [&#34;&lt;td class=\&#34;col-result\&#34;&gt;Error&lt;/td&gt;&#34;, &#34;&lt;td class=\&#34;col-testId\&#34;&gt;tests/test_product_service.py::TestProductService::test_get_shop_products::setup&lt;/td&gt;&#34;, &#34;&lt;td class=\&#34;col-duration\&#34;&gt;0 ms&lt;/td&gt;&#34;, &#34;&lt;td class=\&#34;col-links\&#34;&gt;&lt;/td&gt;&#34;], &#34;log&#34;: &#34;conftest.py:30: in docker_compose\n    subprocess.run(\n/opt/homebrew/Cellar/python@3.13/3.13.5/Frameworks/Python.framework/Versions/3.13/lib/python3.13/subprocess.py:577: in run\n    raise CalledProcessError(retcode, process.args,\nE   subprocess.CalledProcessError: Command &amp;#x27;[&amp;#x27;docker-compose&amp;#x27;, &amp;#x27;-f&amp;#x27;, &amp;#x27;docker-compose.yml&amp;#x27;, &amp;#x27;up&amp;#x27;, &amp;#x27;-d&amp;#x27;, &amp;#x27;--build&amp;#x27;]&amp;#x27; returned non-zero exit status 1.\n&#34;}], &#34;tests/test_product_service.py::TestProductService::test_update_product&#34;: [{&#34;extras&#34;: [], &#34;result&#34;: &#34;Error&#34;, &#34;testId&#34;: &#34;tests/test_product_service.py::TestProductService::test_update_product::setup&#34;, &#34;duration&#34;: &#34;0 ms&#34;, &#34;resultsTableRow&#34;: [&#34;&lt;td class=\&#34;col-result\&#34;&gt;Error&lt;/td&gt;&#34;, &#34;&lt;td class=\&#34;col-testId\&#34;&gt;tests/test_product_service.py::TestProductService::test_update_product::setup&lt;/td&gt;&#34;, &#34;&lt;td class=\&#34;col-duration\&#34;&gt;0 ms&lt;/td&gt;&#34;, &#34;&lt;td class=\&#34;col-links\&#34;&gt;&lt;/td&gt;&#34;], &#34;log&#34;: &#34;conftest.py:30: in docker_compose\n    subprocess.run(\n/opt/homebrew/Cellar/python@3.13/3.13.5/Frameworks/Python.framework/Versions/3.13/lib/python3.13/subprocess.py:577: in run\n    raise CalledProcessError(retcode, process.args,\nE   subprocess.CalledProcessError: Command &amp;#x27;[&amp;#x27;docker-compose&amp;#x27;, &amp;#x27;-f&amp;#x27;, &amp;#x27;docker-compose.yml&amp;#x27;, &amp;#x27;up&amp;#x27;, &amp;#x27;-d&amp;#x27;, &amp;#x27;--build&amp;#x27;]&amp;#x27; returned non-zero exit status 1.\n&#34;}], &#34;tests/test_product_service.py::TestProductService::test_delete_product&#34;: [{&#34;extras&#34;: [], &#34;result&#34;: &#34;Error&#34;, &#34;testId&#34;: &#34;tests/test_product_service.py::TestProductService::test_delete_product::setup&#34;, &#34;duration&#34;: &#34;0 ms&#34;, &#34;resultsTableRow&#34;: [&#34;&lt;td class=\&#34;col-result\&#34;&gt;Error&lt;/td&gt;&#34;, &#34;&lt;td class=\&#34;col-testId\&#34;&gt;tests/test_product_service.py::TestProductService::test_delete_product::setup&lt;/td&gt;&#34;, &#34;&lt;td class=\&#34;col-duration\&#34;&gt;0 ms&lt;/td&gt;&#34;, &#34;&lt;td class=\&#34;col-links\&#34;&gt;&lt;/td&gt;&#34;], &#34;log&#34;: &#34;conftest.py:30: in docker_compose\n    subprocess.run(\n/opt/homebrew/Cellar/python@3.13/3.13.5/Frameworks/Python.framework/Versions/3.13/lib/python3.13/subprocess.py:577: in run\n    raise CalledProcessError(retcode, process.args,\nE   subprocess.CalledProcessError: Command &amp;#x27;[&amp;#x27;docker-compose&amp;#x27;, &amp;#x27;-f&amp;#x27;, &amp;#x27;docker-compose.yml&amp;#x27;, &amp;#x27;up&amp;#x27;, &amp;#x27;-d&amp;#x27;, &amp;#x27;--build&amp;#x27;]&amp;#x27; returned non-zero exit status 1.\n&#34;}], &#34;tests/test_user_service.py::TestUserService::test_register_user&#34;: [{&#34;extras&#34;: [], &#34;result&#34;: &#34;Error&#34;, &#34;testId&#34;: &#34;tests/test_user_service.py::TestUserService::test_register_user::setup&#34;, &#34;duration&#34;: &#34;0 ms&#34;, &#34;resultsTableRow&#34;: [&#34;&lt;td class=\&#34;col-result\&#34;&gt;Error&lt;/td&gt;&#34;, &#34;&lt;td class=\&#34;col-testId\&#34;&gt;tests/test_user_service.py::TestUserService::test_register_user::setup&lt;/td&gt;&#34;, &#34;&lt;td class=\&#34;col-duration\&#34;&gt;0 ms&lt;/td&gt;&#34;, &#34;&lt;td class=\&#34;col-links\&#34;&gt;&lt;/td&gt;&#34;], &#34;log&#34;: &#34;conftest.py:30: in docker_compose\n    subprocess.run(\n/opt/homebrew/Cellar/python@3.13/3.13.5/Frameworks/Python.framework/Versions/3.13/lib/python3.13/subprocess.py:577: in run\n    raise CalledProcessError(retcode, process.args,\nE   subprocess.CalledProcessError: Command &amp;#x27;[&amp;#x27;docker-compose&amp;#x27;, &amp;#x27;-f&amp;#x27;, &amp;#x27;docker-compose.yml&amp;#x27;, &amp;#x27;up&amp;#x27;, &amp;#x27;-d&amp;#x27;, &amp;#x27;--build&amp;#x27;]&amp;#x27; returned non-zero exit status 1.\n&#34;}], &#34;tests/test_user_service.py::TestUserService::test_get_user_by_id&#34;: [{&#34;extras&#34;: [], &#34;result&#34;: &#34;Error&#34;, &#34;testId&#34;: &#34;tests/test_user_service.py::TestUserService::test_get_user_by_id::setup&#34;, &#34;duration&#34;: &#34;0 ms&#34;, &#34;resultsTableRow&#34;: [&#34;&lt;td class=\&#34;col-result\&#34;&gt;Error&lt;/td&gt;&#34;, &#34;&lt;td class=\&#34;col-testId\&#34;&gt;tests/test_user_service.py::TestUserService::test_get_user_by_id::setup&lt;/td&gt;&#34;, &#34;&lt;td class=\&#34;col-duration\&#34;&gt;0 ms&lt;/td&gt;&#34;, &#34;&lt;td class=\&#34;col-links\&#34;&gt;&lt;/td&gt;&#34;], &#34;log&#34;: &#34;conftest.py:30: in docker_compose\n    subprocess.run(\n/opt/homebrew/Cellar/python@3.13/3.13.5/Frameworks/Python.framework/Versions/3.13/lib/python3.13/subprocess.py:577: in run\n    raise CalledProcessError(retcode, process.args,\nE   subprocess.CalledProcessError: Command &amp;#x27;[&amp;#x27;docker-compose&amp;#x27;, &amp;#x27;-f&amp;#x27;, &amp;#x27;docker-compose.yml&amp;#x27;, &amp;#x27;up&amp;#x27;, &amp;#x27;-d&amp;#x27;, &amp;#x27;--build&amp;#x27;]&amp;#x27; returned non-zero exit status 1.\n&#34;}], &#34;tests/test_user_service.py::TestUserService::test_get_user_by_username&#34;: [{&#34;extras&#34;: [], &#34;result&#34;: &#34;Error&#34;, &#34;testId&#34;: &#34;tests/test_user_service.py::TestUserService::test_get_user_by_username::setup&#34;, &#34;duration&#34;: &#34;0 ms&#34;, &#34;resultsTableRow&#34;: [&#34;&lt;td class=\&#34;col-result\&#34;&gt;Error&lt;/td&gt;&#34;, &#34;&lt;td class=\&#34;col-testId\&#34;&gt;tests/test_user_service.py::TestUserService::test_get_user_by_username::setup&lt;/td&gt;&#34;, &#34;&lt;td class=\&#34;col-duration\&#34;&gt;0 ms&lt;/td&gt;&#34;, &#34;&lt;td class=\&#34;col-links\&#34;&gt;&lt;/td&gt;&#34;], &#34;log&#34;: &#34;conftest.py:30: in docker_compose\n    subprocess.run(\n/opt/homebrew/Cellar/python@3.13/3.13.5/Frameworks/Python.framework/Versions/3.13/lib/python3.13/subprocess.py:577: in run\n    raise CalledProcessError(retcode, process.args,\nE   subprocess.CalledProcessError: Command &amp;#x27;[&amp;#x27;docker-compose&amp;#x27;, &amp;#x27;-f&amp;#x27;, &amp;#x27;docker-compose.yml&amp;#x27;, &amp;#x27;up&amp;#x27;, &amp;#x27;-d&amp;#x27;, &amp;#x27;--build&amp;#x27;]&amp;#x27; returned non-zero exit status 1.\n&#34;}], &#34;tests/test_user_service.py::TestUserService::test_get_me&#34;: [{&#34;extras&#34;: [], &#34;result&#34;: &#34;Error&#34;, &#34;testId&#34;: &#34;tests/test_user_service.py::TestUserService::test_get_me::setup&#34;, &#34;duration&#34;: &#34;0 ms&#34;, &#34;resultsTableRow&#34;: [&#34;&lt;td class=\&#34;col-result\&#34;&gt;Error&lt;/td&gt;&#34;, &#34;&lt;td class=\&#34;col-testId\&#34;&gt;tests/test_user_service.py::TestUserService::test_get_me::setup&lt;/td&gt;&#34;, &#34;&lt;td class=\&#34;col-duration\&#34;&gt;0 ms&lt;/td&gt;&#34;, &#34;&lt;td class=\&#34;col-links\&#34;&gt;&lt;/td&gt;&#34;], &#34;log&#34;: &#34;conftest.py:30: in docker_compose\n    subprocess.run(\n/opt/homebrew/Cellar/python@3.13/3.13.5/Frameworks/Python.framework/Versions/3.13/lib/python3.13/subprocess.py:577: in run\n    raise CalledProcessError(retcode, process.args,\nE   subprocess.CalledProcessError: Command &amp;#x27;[&amp;#x27;docker-compose&amp;#x27;, &amp;#x27;-f&amp;#x27;, &amp;#x27;docker-compose.yml&amp;#x27;, &amp;#x27;up&amp;#x27;, &amp;#x27;-d&amp;#x27;, &amp;#x27;--build&amp;#x27;]&amp;#x27; returned non-zero exit status 1.\n&#34;}], &#34;tests/test_user_service.py::TestUserService::test_update_profile&#34;: [{&#34;extras&#34;: [], &#34;result&#34;: &#34;Error&#34;, &#34;testId&#34;: &#34;tests/test_user_service.py::TestUserService::test_update_profile::setup&#34;, &#34;duration&#34;: &#34;0 ms&#34;, &#34;resultsTableRow&#34;: [&#34;&lt;td class=\&#34;col-result\&#34;&gt;Error&lt;/td&gt;&#34;, &#34;&lt;td class=\&#34;col-testId\&#34;&gt;tests/test_user_service.py::TestUserService::test_update_profile::setup&lt;/td&gt;&#34;, &#34;&lt;td class=\&#34;col-duration\&#34;&gt;0 ms&lt;/td&gt;&#34;, &#34;&lt;td class=\&#34;col-links\&#34;&gt;&lt;/td&gt;&#34;], &#34;log&#34;: &#34;conftest.py:30: in docker_compose\n    subprocess.run(\n/opt/homebrew/Cellar/python@3.13/3.13.5/Frameworks/Python.framework/Versions/3.13/lib/python3.13/subprocess.py:577: in run\n    raise CalledProcessError(retcode, process.args,\nE   subprocess.CalledProcessError: Command &amp;#x27;[&amp;#x27;docker-compose&amp;#x27;, &amp;#x27;-f&amp;#x27;, &amp;#x27;docker-compose.yml&amp;#x27;, &amp;#x27;up&amp;#x27;, &amp;#x27;-d&amp;#x27;, &amp;#x27;--build&amp;#x27;]&amp;#x27; returned non-zero exit status 1.\n&#34;}], &#34;tests/test_user_service.py::TestUserService::test_delete_user&#34;: [{&#34;extras&#34;: [], &#34;result&#34;: &#34;Error&#34;, &#34;testId&#34;: &#34;tests/test_user_service.py::TestUserService::test_delete_user::setup&#34;, &#34;duration&#34;: &#34;0 ms&#34;, &#34;resultsTableRow&#34;: [&#34;&lt;td class=\&#34;col-result\&#34;&gt;Error&lt;/td&gt;&#34;, &#34;&lt;td class=\&#34;col-testId\&#34;&gt;tests/test_user_service.py::TestUserService::test_delete_user::setup&lt;/td&gt;&#34;, &#34;&lt;td class=\&#34;col-duration\&#34;&gt;0 ms&lt;/td&gt;&#34;, &#34;&lt;td class=\&#34;col-links\&#34;&gt;&lt;/td&gt;&#34;], &#34;log&#34;: &#34;conftest.py:30: in docker_compose\n    subprocess.run(\n/opt/homebrew/Cellar/python@3.13/3.13.5/Frameworks/Python.framework/Versions/3.13/lib/python3.13/subprocess.py:577: in run\n    raise CalledProcessError(retcode, process.args,\nE   subprocess.CalledProcessError: Command &amp;#x27;[&amp;#x27;docker-compose&amp;#x27;, &amp;#x27;-f&amp;#x27;, &amp;#x27;docker-compose.yml&amp;#x27;, &amp;#x27;up&amp;#x27;, &amp;#x27;-d&amp;#x27;, &amp;#x27;--build&amp;#x27;]&amp;#x27; returned non-zero exit status 1.\n&#34;}]}, &#34;renderCollapsed&#34;: [&#34;passed&#34;], &#34;initialSort&#34;: &#34;result&#34;, &#34;title&#34;: &#34;report.html&#34;}"></div>
    <script>
      (function(){function r(e,n,t){function o(i,f){if(!n[i]){if(!e[i]){var c="function"==typeof require&&require;if(!f&&c)return c(i,!0);if(u)return u(i,!0);var a=new Error("Cannot find module '"+i+"'");throw a.code="MODULE_NOT_FOUND",a}var p=n[i]={exports:{}};e[i][0].call(p.exports,function(r){var n=e[i][1][r];return o(n||r)},p,p.exports,r,e,n,t)}return n[i].exports}for(var u="function"==typeof require&&require,i=0;i<t.length;i++)o(t[i]);return o}return r})()({1:[function(require,module,exports){
const { getCollapsedCategory, setCollapsedIds } = require('./storage.js')

class DataManager {
    setManager(data) {
        const collapsedCategories = [...getCollapsedCategory(data.renderCollapsed)]
        const collapsedIds = []
        const tests = Object.values(data.tests).flat().map((test, index) => {
            const collapsed = collapsedCategories.includes(test.result.toLowerCase())
            const id = `test_${index}`
            if (collapsed) {
                collapsedIds.push(id)
            }
            return {
                ...test,
                id,
                collapsed,
            }
        })
        const dataBlob = { ...data, tests }
        this.data = { ...dataBlob }
        this.renderData = { ...dataBlob }
        setCollapsedIds(collapsedIds)
    }

    get allData() {
        return { ...this.data }
    }

    resetRender() {
        this.renderData = { ...this.data }
    }

    setRender(data) {
        this.renderData.tests = [...data]
    }

    toggleCollapsedItem(id) {
        this.renderData.tests = this.renderData.tests.map((test) =>
            test.id === id ? { ...test, collapsed: !test.collapsed } : test,
        )
    }

    set allCollapsed(collapsed) {
        this.renderData = { ...this.renderData, tests: [...this.renderData.tests.map((test) => (
            { ...test, collapsed }
        ))] }
    }

    get testSubset() {
        return [...this.renderData.tests]
    }

    get environment() {
        return this.renderData.environment
    }

    get initialSort() {
        return this.data.initialSort
    }
}

module.exports = {
    manager: new DataManager(),
}

},{"./storage.js":8}],2:[function(require,module,exports){
const mediaViewer = require('./mediaviewer.js')
const templateEnvRow = document.getElementById('template_environment_row')
const templateResult = document.getElementById('template_results-table__tbody')

function htmlToElements(html) {
    const temp = document.createElement('template')
    temp.innerHTML = html
    return temp.content.childNodes
}

const find = (selector, elem) => {
    if (!elem) {
        elem = document
    }
    return elem.querySelector(selector)
}

const findAll = (selector, elem) => {
    if (!elem) {
        elem = document
    }
    return [...elem.querySelectorAll(selector)]
}

const dom = {
    getStaticRow: (key, value) => {
        const envRow = templateEnvRow.content.cloneNode(true)
        const isObj = typeof value === 'object' && value !== null
        const values = isObj ? Object.keys(value).map((k) => `${k}: ${value[k]}`) : null

        const valuesElement = htmlToElements(
            values ? `<ul>${values.map((val) => `<li>${val}</li>`).join('')}<ul>` : `<div>${value}</div>`)[0]
        const td = findAll('td', envRow)
        td[0].textContent = key
        td[1].appendChild(valuesElement)

        return envRow
    },
    getResultTBody: ({ testId, id, log, extras, resultsTableRow, tableHtml, result, collapsed }) => {
        const resultBody = templateResult.content.cloneNode(true)
        resultBody.querySelector('tbody').classList.add(result.toLowerCase())
        resultBody.querySelector('tbody').id = testId
        resultBody.querySelector('.collapsible').dataset.id = id

        resultsTableRow.forEach((html) => {
            const t = document.createElement('template')
            t.innerHTML = html
            resultBody.querySelector('.collapsible').appendChild(t.content)
        })

        if (log) {
            // Wrap lines starting with "E" with span.error to color those lines red
            const wrappedLog = log.replace(/^E.*$/gm, (match) => `<span class="error">${match}</span>`)
            resultBody.querySelector('.log').innerHTML = wrappedLog
        } else {
            resultBody.querySelector('.log').remove()
        }

        if (collapsed) {
            resultBody.querySelector('.collapsible > td')?.classList.add('collapsed')
            resultBody.querySelector('.extras-row').classList.add('hidden')
        } else {
            resultBody.querySelector('.collapsible > td')?.classList.remove('collapsed')
        }

        const media = []
        extras?.forEach(({ name, format_type, content }) => {
            if (['image', 'video'].includes(format_type)) {
                media.push({ path: content, name, format_type })
            }

            if (format_type === 'html') {
                resultBody.querySelector('.extraHTML').insertAdjacentHTML('beforeend', `<div>${content}</div>`)
            }
        })
        mediaViewer.setup(resultBody, media)

        // Add custom html from the pytest_html_results_table_html hook
        tableHtml?.forEach((item) => {
            resultBody.querySelector('td[class="extra"]').insertAdjacentHTML('beforeend', item)
        })

        return resultBody
    },
}

module.exports = {
    dom,
    htmlToElements,
    find,
    findAll,
}

},{"./mediaviewer.js":6}],3:[function(require,module,exports){
const { manager } = require('./datamanager.js')
const { doSort } = require('./sort.js')
const storageModule = require('./storage.js')

const getFilteredSubSet = (filter) =>
    manager.allData.tests.filter(({ result }) => filter.includes(result.toLowerCase()))

const doInitFilter = () => {
    const currentFilter = storageModule.getVisible()
    const filteredSubset = getFilteredSubSet(currentFilter)
    manager.setRender(filteredSubset)
}

const doFilter = (type, show) => {
    if (show) {
        storageModule.showCategory(type)
    } else {
        storageModule.hideCategory(type)
    }

    const currentFilter = storageModule.getVisible()
    const filteredSubset = getFilteredSubSet(currentFilter)
    manager.setRender(filteredSubset)

    const sortColumn = storageModule.getSort()
    doSort(sortColumn, true)
}

module.exports = {
    doFilter,
    doInitFilter,
}

},{"./datamanager.js":1,"./sort.js":7,"./storage.js":8}],4:[function(require,module,exports){
const { redraw, bindEvents, renderStatic } = require('./main.js')
const { doInitFilter } = require('./filter.js')
const { doInitSort } = require('./sort.js')
const { manager } = require('./datamanager.js')
const data = JSON.parse(document.getElementById('data-container').dataset.jsonblob)

function init() {
    manager.setManager(data)
    doInitFilter()
    doInitSort()
    renderStatic()
    redraw()
    bindEvents()
}

init()

},{"./datamanager.js":1,"./filter.js":3,"./main.js":5,"./sort.js":7}],5:[function(require,module,exports){
const { dom, find, findAll } = require('./dom.js')
const { manager } = require('./datamanager.js')
const { doSort } = require('./sort.js')
const { doFilter } = require('./filter.js')
const {
    getVisible,
    getCollapsedIds,
    setCollapsedIds,
    getSort,
    getSortDirection,
    possibleFilters,
} = require('./storage.js')

const removeChildren = (node) => {
    while (node.firstChild) {
        node.removeChild(node.firstChild)
    }
}

const renderStatic = () => {
    const renderEnvironmentTable = () => {
        const environment = manager.environment
        const rows = Object.keys(environment).map((key) => dom.getStaticRow(key, environment[key]))
        const table = document.getElementById('environment')
        removeChildren(table)
        rows.forEach((row) => table.appendChild(row))
    }
    renderEnvironmentTable()
}

const addItemToggleListener = (elem) => {
    elem.addEventListener('click', ({ target }) => {
        const id = target.parentElement.dataset.id
        manager.toggleCollapsedItem(id)

        const collapsedIds = getCollapsedIds()
        if (collapsedIds.includes(id)) {
            const updated = collapsedIds.filter((item) => item !== id)
            setCollapsedIds(updated)
        } else {
            collapsedIds.push(id)
            setCollapsedIds(collapsedIds)
        }
        redraw()
    })
}

const renderContent = (tests) => {
    const sortAttr = getSort(manager.initialSort)
    const sortAsc = JSON.parse(getSortDirection())
    const rows = tests.map(dom.getResultTBody)
    const table = document.getElementById('results-table')
    const tableHeader = document.getElementById('results-table-head')

    const newTable = document.createElement('table')
    newTable.id = 'results-table'

    // remove all sorting classes and set the relevant
    findAll('.sortable', tableHeader).forEach((elem) => elem.classList.remove('asc', 'desc'))
    tableHeader.querySelector(`.sortable[data-column-type="${sortAttr}"]`)?.classList.add(sortAsc ? 'desc' : 'asc')
    newTable.appendChild(tableHeader)

    if (!rows.length) {
        const emptyTable = document.getElementById('template_results-table__body--empty').content.cloneNode(true)
        newTable.appendChild(emptyTable)
    } else {
        rows.forEach((row) => {
            if (!!row) {
                findAll('.collapsible td:not(.col-links', row).forEach(addItemToggleListener)
                find('.logexpander', row).addEventListener('click',
                    (evt) => evt.target.parentNode.classList.toggle('expanded'),
                )
                newTable.appendChild(row)
            }
        })
    }

    table.replaceWith(newTable)
}

const renderDerived = () => {
    const currentFilter = getVisible()
    possibleFilters.forEach((result) => {
        const input = document.querySelector(`input[data-test-result="${result}"]`)
        input.checked = currentFilter.includes(result)
    })
}

const bindEvents = () => {
    const filterColumn = (evt) => {
        const { target: element } = evt
        const { testResult } = element.dataset

        doFilter(testResult, element.checked)
        const collapsedIds = getCollapsedIds()
        const updated = manager.renderData.tests.map((test) => {
            return {
                ...test,
                collapsed: collapsedIds.includes(test.id),
            }
        })
        manager.setRender(updated)
        redraw()
    }

    const header = document.getElementById('environment-header')
    header.addEventListener('click', () => {
        const table = document.getElementById('environment')
        table.classList.toggle('hidden')
        header.classList.toggle('collapsed')
    })

    findAll('input[name="filter_checkbox"]').forEach((elem) => {
        elem.addEventListener('click', filterColumn)
    })

    findAll('.sortable').forEach((elem) => {
        elem.addEventListener('click', (evt) => {
            const { target: element } = evt
            const { columnType } = element.dataset
            doSort(columnType)
            redraw()
        })
    })

    document.getElementById('show_all_details').addEventListener('click', () => {
        manager.allCollapsed = false
        setCollapsedIds([])
        redraw()
    })
    document.getElementById('hide_all_details').addEventListener('click', () => {
        manager.allCollapsed = true
        const allIds = manager.renderData.tests.map((test) => test.id)
        setCollapsedIds(allIds)
        redraw()
    })
}

const redraw = () => {
    const { testSubset } = manager

    renderContent(testSubset)
    renderDerived()
}

module.exports = {
    redraw,
    bindEvents,
    renderStatic,
}

},{"./datamanager.js":1,"./dom.js":2,"./filter.js":3,"./sort.js":7,"./storage.js":8}],6:[function(require,module,exports){
class MediaViewer {
    constructor(assets) {
        this.assets = assets
        this.index = 0
    }

    nextActive() {
        this.index = this.index === this.assets.length - 1 ? 0 : this.index + 1
        return [this.activeFile, this.index]
    }

    prevActive() {
        this.index = this.index === 0 ? this.assets.length - 1 : this.index -1
        return [this.activeFile, this.index]
    }

    get currentIndex() {
        return this.index
    }

    get activeFile() {
        return this.assets[this.index]
    }
}


const setup = (resultBody, assets) => {
    if (!assets.length) {
        resultBody.querySelector('.media').classList.add('hidden')
        return
    }

    const mediaViewer = new MediaViewer(assets)
    const container = resultBody.querySelector('.media-container')
    const leftArrow = resultBody.querySelector('.media-container__nav--left')
    const rightArrow = resultBody.querySelector('.media-container__nav--right')
    const mediaName = resultBody.querySelector('.media__name')
    const counter = resultBody.querySelector('.media__counter')
    const imageEl = resultBody.querySelector('img')
    const sourceEl = resultBody.querySelector('source')
    const videoEl = resultBody.querySelector('video')

    const setImg = (media, index) => {
        if (media?.format_type === 'image') {
            imageEl.src = media.path

            imageEl.classList.remove('hidden')
            videoEl.classList.add('hidden')
        } else if (media?.format_type === 'video') {
            sourceEl.src = media.path

            videoEl.classList.remove('hidden')
            imageEl.classList.add('hidden')
        }

        mediaName.innerText = media?.name
        counter.innerText = `${index + 1} / ${assets.length}`
    }
    setImg(mediaViewer.activeFile, mediaViewer.currentIndex)

    const moveLeft = () => {
        const [media, index] = mediaViewer.prevActive()
        setImg(media, index)
    }
    const doRight = () => {
        const [media, index] = mediaViewer.nextActive()
        setImg(media, index)
    }
    const openImg = () => {
        window.open(mediaViewer.activeFile.path, '_blank')
    }
    if (assets.length === 1) {
        container.classList.add('media-container--fullscreen')
    } else {
        leftArrow.addEventListener('click', moveLeft)
        rightArrow.addEventListener('click', doRight)
    }
    imageEl.addEventListener('click', openImg)
}

module.exports = {
    setup,
}

},{}],7:[function(require,module,exports){
const { manager } = require('./datamanager.js')
const storageModule = require('./storage.js')

const genericSort = (list, key, ascending, customOrder) => {
    let sorted
    if (customOrder) {
        sorted = list.sort((a, b) => {
            const aValue = a.result.toLowerCase()
            const bValue = b.result.toLowerCase()

            const aIndex = customOrder.findIndex((item) => item.toLowerCase() === aValue)
            const bIndex = customOrder.findIndex((item) => item.toLowerCase() === bValue)

            // Compare the indices to determine the sort order
            return aIndex - bIndex
        })
    } else {
        sorted = list.sort((a, b) => a[key] === b[key] ? 0 : a[key] > b[key] ? 1 : -1)
    }

    if (ascending) {
        sorted.reverse()
    }
    return sorted
}

const durationSort = (list, ascending) => {
    const parseDuration = (duration) => {
        if (duration.includes(':')) {
            // If it's in the format "HH:mm:ss"
            const [hours, minutes, seconds] = duration.split(':').map(Number)
            return (hours * 3600 + minutes * 60 + seconds) * 1000
        } else {
            // If it's in the format "nnn ms"
            return parseInt(duration)
        }
    }
    const sorted = list.sort((a, b) => parseDuration(a['duration']) - parseDuration(b['duration']))
    if (ascending) {
        sorted.reverse()
    }
    return sorted
}

const doInitSort = () => {
    const type = storageModule.getSort(manager.initialSort)
    const ascending = storageModule.getSortDirection()
    const list = manager.testSubset
    const initialOrder = ['Error', 'Failed', 'Rerun', 'XFailed', 'XPassed', 'Skipped', 'Passed']

    storageModule.setSort(type)
    storageModule.setSortDirection(ascending)

    if (type?.toLowerCase() === 'original') {
        manager.setRender(list)
    } else {
        let sortedList
        switch (type) {
        case 'duration':
            sortedList = durationSort(list, ascending)
            break
        case 'result':
            sortedList = genericSort(list, type, ascending, initialOrder)
            break
        default:
            sortedList = genericSort(list, type, ascending)
            break
        }
        manager.setRender(sortedList)
    }
}

const doSort = (type, skipDirection) => {
    const newSortType = storageModule.getSort(manager.initialSort) !== type
    const currentAsc = storageModule.getSortDirection()
    let ascending
    if (skipDirection) {
        ascending = currentAsc
    } else {
        ascending = newSortType ? false : !currentAsc
    }
    storageModule.setSort(type)
    storageModule.setSortDirection(ascending)

    const list = manager.testSubset
    const sortedList = type === 'duration' ? durationSort(list, ascending) : genericSort(list, type, ascending)
    manager.setRender(sortedList)
}

module.exports = {
    doInitSort,
    doSort,
}

},{"./datamanager.js":1,"./storage.js":8}],8:[function(require,module,exports){
const possibleFilters = [
    'passed',
    'skipped',
    'failed',
    'error',
    'xfailed',
    'xpassed',
    'rerun',
]

const getVisible = () => {
    const url = new URL(window.location.href)
    const settings = new URLSearchParams(url.search).get('visible')
    const lower = (item) => {
        const lowerItem = item.toLowerCase()
        if (possibleFilters.includes(lowerItem)) {
            return lowerItem
        }
        return null
    }
    return settings === null ?
        possibleFilters :
        [...new Set(settings?.split(',').map(lower).filter((item) => item))]
}

const hideCategory = (categoryToHide) => {
    const url = new URL(window.location.href)
    const visibleParams = new URLSearchParams(url.search).get('visible')
    const currentVisible = visibleParams ? visibleParams.split(',') : [...possibleFilters]
    const settings = [...new Set(currentVisible)].filter((f) => f !== categoryToHide).join(',')

    url.searchParams.set('visible', settings)
    window.history.pushState({}, null, unescape(url.href))
}

const showCategory = (categoryToShow) => {
    if (typeof window === 'undefined') {
        return
    }
    const url = new URL(window.location.href)
    const currentVisible = new URLSearchParams(url.search).get('visible')?.split(',').filter(Boolean) ||
        [...possibleFilters]
    const settings = [...new Set([categoryToShow, ...currentVisible])]
    const noFilter = possibleFilters.length === settings.length || !settings.length

    noFilter ? url.searchParams.delete('visible') : url.searchParams.set('visible', settings.join(','))
    window.history.pushState({}, null, unescape(url.href))
}

const getSort = (initialSort) => {
    const url = new URL(window.location.href)
    let sort = new URLSearchParams(url.search).get('sort')
    if (!sort) {
        sort = initialSort || 'result'
    }
    return sort
}

const setSort = (type) => {
    const url = new URL(window.location.href)
    url.searchParams.set('sort', type)
    window.history.pushState({}, null, unescape(url.href))
}

const getCollapsedCategory = (renderCollapsed) => {
    let categories
    if (typeof window !== 'undefined') {
        const url = new URL(window.location.href)
        const collapsedItems = new URLSearchParams(url.search).get('collapsed')
        switch (true) {
        case !renderCollapsed && collapsedItems === null:
            categories = ['passed']
            break
        case collapsedItems?.length === 0 || /^["']{2}$/.test(collapsedItems):
            categories = []
            break
        case /^all$/.test(collapsedItems) || collapsedItems === null && /^all$/.test(renderCollapsed):
            categories = [...possibleFilters]
            break
        default:
            categories = collapsedItems?.split(',').map((item) => item.toLowerCase()) || renderCollapsed
            break
        }
    } else {
        categories = []
    }
    return categories
}

const getSortDirection = () => JSON.parse(sessionStorage.getItem('sortAsc')) || false
const setSortDirection = (ascending) => sessionStorage.setItem('sortAsc', ascending)

const getCollapsedIds = () => JSON.parse(sessionStorage.getItem('collapsedIds')) || []
const setCollapsedIds = (list) => sessionStorage.setItem('collapsedIds', JSON.stringify(list))

module.exports = {
    getVisible,
    hideCategory,
    showCategory,
    getCollapsedIds,
    setCollapsedIds,
    getSort,
    setSort,
    getSortDirection,
    setSortDirection,
    getCollapsedCategory,
    possibleFilters,
}

},{}]},{},[4]);
    </script>
  </footer>
</html>